Copyright 1986-2020 Xilinx, Inc. All Rights Reserved.
-----------------------------------------------------------------------------------------------------------------------------------------------------------
| Tool Version : Vivado v.2020.2 (lin64) Build 3064766 Wed Nov 18 09:12:47 MST 2020
| Date         : Mon Aug 29 03:59:13 2022
| Host         : Yuhao running 64-bit Ubuntu 22.04.1 LTS
| Command      : report_utilization -file Accumulator_MultiDMA_bd_wrapper_utilization_placed.rpt -pb Accumulator_MultiDMA_bd_wrapper_utilization_placed.pb
| Design       : Accumulator_MultiDMA_bd_wrapper
| Device       : xczu3egsbva484-1
| Design State : Fully Placed
-----------------------------------------------------------------------------------------------------------------------------------------------------------

Utilization Design Information

Table of Contents
-----------------
1. CLB Logic
1.1 Summary of Registers by Type
2. CLB Logic Distribution
3. BLOCKRAM
4. ARITHMETIC
5. I/O
6. CLOCK
7. ADVANCED
8. CONFIGURATION
9. Primitives
10. Black Boxes
11. Instantiated Netlists

1. CLB Logic
------------

+----------------------------+-------+-------+-----------+-------+
|          Site Type         |  Used | Fixed | Available | Util% |
+----------------------------+-------+-------+-----------+-------+
| CLB LUTs                   |  8447 |     0 |     70560 | 11.97 |
|   LUT as Logic             |  7316 |     0 |     70560 | 10.37 |
|   LUT as Memory            |  1131 |     0 |     28800 |  3.93 |
|     LUT as Distributed RAM |   834 |     0 |           |       |
|     LUT as Shift Register  |   297 |     0 |           |       |
| CLB Registers              | 11639 |     0 |    141120 |  8.25 |
|   Register as Flip Flop    | 11639 |     0 |    141120 |  8.25 |
|   Register as Latch        |     0 |     0 |    141120 |  0.00 |
| CARRY8                     |   105 |     0 |      8820 |  1.19 |
| F7 Muxes                   |    22 |     0 |     35280 |  0.06 |
| F8 Muxes                   |     0 |     0 |     17640 |  0.00 |
| F9 Muxes                   |     0 |     0 |      8820 |  0.00 |
+----------------------------+-------+-------+-----------+-------+


1.1 Summary of Registers by Type
--------------------------------

+-------+--------------+-------------+--------------+
| Total | Clock Enable | Synchronous | Asynchronous |
+-------+--------------+-------------+--------------+
| 0     |            _ |           - |            - |
| 0     |            _ |           - |          Set |
| 0     |            _ |           - |        Reset |
| 0     |            _ |         Set |            - |
| 0     |            _ |       Reset |            - |
| 0     |          Yes |           - |            - |
| 34    |          Yes |           - |          Set |
| 809   |          Yes |           - |        Reset |
| 558   |          Yes |         Set |            - |
| 10238 |          Yes |       Reset |            - |
+-------+--------------+-------------+--------------+


2. CLB Logic Distribution
-------------------------

+--------------------------------------------+-------+-------+-----------+-------+
|                  Site Type                 |  Used | Fixed | Available | Util% |
+--------------------------------------------+-------+-------+-----------+-------+
| CLB                                        |  1785 |     0 |      8820 | 20.24 |
|   CLBL                                     |  1153 |     0 |           |       |
|   CLBM                                     |   632 |     0 |           |       |
| LUT as Logic                               |  7316 |     0 |     70560 | 10.37 |
|   using O5 output only                     |   444 |       |           |       |
|   using O6 output only                     |  4470 |       |           |       |
|   using O5 and O6                          |  2402 |       |           |       |
| LUT as Memory                              |  1131 |     0 |     28800 |  3.93 |
|   LUT as Distributed RAM                   |   834 |     0 |           |       |
|     using O5 output only                   |     0 |       |           |       |
|     using O6 output only                   |     2 |       |           |       |
|     using O5 and O6                        |   832 |       |           |       |
|   LUT as Shift Register                    |   297 |     0 |           |       |
|     using O5 output only                   |     0 |       |           |       |
|     using O6 output only                   |   162 |       |           |       |
|     using O5 and O6                        |   135 |       |           |       |
| CLB Registers                              | 11639 |     0 |    141120 |  8.25 |
|   Register driven from within the CLB      |  7341 |       |           |       |
|   Register driven from outside the CLB     |  4298 |       |           |       |
|     LUT in front of the register is unused |  3218 |       |           |       |
|     LUT in front of the register is used   |  1080 |       |           |       |
| Unique Control Sets                        |   675 |       |     17640 |  3.83 |
+--------------------------------------------+-------+-------+-----------+-------+
* * Note: Available Control Sets calculated as Slices * 2, Review the Control Sets Report for more information regarding control sets.


3. BLOCKRAM
-----------

+-------------------+------+-------+-----------+-------+
|     Site Type     | Used | Fixed | Available | Util% |
+-------------------+------+-------+-----------+-------+
| Block RAM Tile    |   20 |     0 |       216 |  9.26 |
|   RAMB36/FIFO*    |   15 |     0 |       216 |  6.94 |
|     RAMB36E2 only |   15 |       |           |       |
|   RAMB18          |   10 |     0 |       432 |  2.31 |
|     RAMB18E2 only |   10 |       |           |       |
+-------------------+------+-------+-----------+-------+
* Note: Each Block RAM Tile only has one FIFO logic available and therefore can accommodate only one FIFO36E2 or one FIFO18E2. However, if a FIFO18E2 occupies a Block RAM Tile, that tile can still accommodate a RAMB18E2


4. ARITHMETIC
-------------

+-----------+------+-------+-----------+-------+
| Site Type | Used | Fixed | Available | Util% |
+-----------+------+-------+-----------+-------+
| DSPs      |    0 |     0 |       360 |  0.00 |
+-----------+------+-------+-----------+-------+


5. I/O
------

+------------------+------+-------+-----------+-------+
|     Site Type    | Used | Fixed | Available | Util% |
+------------------+------+-------+-----------+-------+
| Bonded IOB       |    0 |     0 |        82 |  0.00 |
| HPIOB_M          |    0 |     0 |        26 |  0.00 |
| HPIOB_S          |    0 |     0 |        26 |  0.00 |
| HDIOB_M          |    0 |     0 |        12 |  0.00 |
| HDIOB_S          |    0 |     0 |        12 |  0.00 |
| HPIOB_SNGL       |    0 |     0 |         6 |  0.00 |
| HPIOBDIFFINBUF   |    0 |     0 |        72 |  0.00 |
| HPIOBDIFFOUTBUF  |    0 |     0 |        72 |  0.00 |
| HDIOBDIFFINBUF   |    0 |     0 |        48 |  0.00 |
| BITSLICE_CONTROL |    0 |     0 |        24 |  0.00 |
| BITSLICE_RX_TX   |    0 |     0 |       156 |  0.00 |
| BITSLICE_TX      |    0 |     0 |        24 |  0.00 |
| RIU_OR           |    0 |     0 |        12 |  0.00 |
+------------------+------+-------+-----------+-------+


6. CLOCK
--------

+----------------------+------+-------+-----------+-------+
|       Site Type      | Used | Fixed | Available | Util% |
+----------------------+------+-------+-----------+-------+
| GLOBAL CLOCK BUFFERs |    2 |     0 |       196 |  1.02 |
|   BUFGCE             |    1 |     0 |        88 |  1.14 |
|   BUFGCE_DIV         |    0 |     0 |        12 |  0.00 |
|   BUFG_PS            |    1 |     0 |        72 |  1.39 |
|   BUFGCTRL*          |    0 |     0 |        24 |  0.00 |
| PLL                  |    0 |     0 |         6 |  0.00 |
| MMCM                 |    0 |     0 |         3 |  0.00 |
+----------------------+------+-------+-----------+-------+
* Note: Each used BUFGCTRL counts as two GLOBAL CLOCK BUFFERs. This table does not include global clocking resources, only buffer cell usage. See the Clock Utilization Report (report_clock_utilization) for detailed accounting of global clocking resource availability.


7. ADVANCED
-----------

+-----------+------+-------+-----------+--------+
| Site Type | Used | Fixed | Available |  Util% |
+-----------+------+-------+-----------+--------+
| PS8       |    1 |     0 |         1 | 100.00 |
| SYSMONE4  |    0 |     0 |         1 |   0.00 |
+-----------+------+-------+-----------+--------+


8. CONFIGURATION
----------------

+-------------+------+-------+-----------+-------+
|  Site Type  | Used | Fixed | Available | Util% |
+-------------+------+-------+-----------+-------+
| BSCANE2     |    0 |     0 |         4 |  0.00 |
| DNA_PORTE2  |    0 |     0 |         1 |  0.00 |
| EFUSE_USR   |    0 |     0 |         1 |  0.00 |
| FRAME_ECCE4 |    0 |     0 |         1 |  0.00 |
| ICAPE3      |    0 |     0 |         2 |  0.00 |
| MASTER_JTAG |    0 |     0 |         1 |  0.00 |
| STARTUPE3   |    0 |     0 |         1 |  0.00 |
+-------------+------+-------+-----------+-------+


9. Primitives
-------------

+----------+-------+---------------------+
| Ref Name |  Used | Functional Category |
+----------+-------+---------------------+
| FDRE     | 10238 |            Register |
| LUT3     |  2483 |                 CLB |
| LUT6     |  2246 |                 CLB |
| LUT4     |  2117 |                 CLB |
| LUT5     |  1775 |                 CLB |
| RAMD32   |  1458 |                 CLB |
| LUT2     |   809 |                 CLB |
| FDCE     |   809 |            Register |
| FDSE     |   558 |            Register |
| SRL16E   |   397 |                 CLB |
| LUT1     |   288 |                 CLB |
| RAMS32   |   208 |                 CLB |
| CARRY8   |   105 |                 CLB |
| SRLC32E  |    35 |                 CLB |
| FDPE     |    34 |            Register |
| MUXF7    |    22 |                 CLB |
| RAMB36E2 |    15 |            BLOCKRAM |
| RAMB18E2 |    10 |            BLOCKRAM |
| PS8      |     1 |            Advanced |
| BUFG_PS  |     1 |               Clock |
| BUFGCE   |     1 |               Clock |
+----------+-------+---------------------+


10. Black Boxes
---------------

+----------+------+
| Ref Name | Used |
+----------+------+


11. Instantiated Netlists
-------------------------

+--------------------------------------------------+------+
|                     Ref Name                     | Used |
+--------------------------------------------------+------+
| Accumulator_MultiDMA_bd_zynq_ultra_ps_e_0_0      |    1 |
| Accumulator_MultiDMA_bd_xbar_0                   |    1 |
| Accumulator_MultiDMA_bd_rst_ps8_0_100M_0         |    1 |
| Accumulator_MultiDMA_bd_axi_smc_0                |    1 |
| Accumulator_MultiDMA_bd_axi_gpio_0_1             |    1 |
| Accumulator_MultiDMA_bd_axi_gpio_0_0             |    1 |
| Accumulator_MultiDMA_bd_axi_dma_1_2              |    1 |
| Accumulator_MultiDMA_bd_axi_dma_1_1              |    1 |
| Accumulator_MultiDMA_bd_axi_dma_1_0              |    1 |
| Accumulator_MultiDMA_bd_axi_dma_0_0              |    1 |
| Accumulator_MultiDMA_bd_auto_pc_0                |    1 |
| Accumulator_MultiDMA_bd_auto_ds_0                |    1 |
| Accumulator_MultiDMA_bd_Accumulator_MultiDMA_0_0 |    1 |
+--------------------------------------------------+------+


