14:02:50 INFO  : Launching XSCT server: xsct -n  -interactive /home/yuhaoliu/Projects/Verilog/AXI-MultiDMA-Ultra96V2/src/app/temp_xsdb_launch_script.tcl
14:02:51 INFO  : Registering command handlers for Vitis TCF services
14:02:54 INFO  : Platform repository initialization has completed.
14:02:54 INFO  : XSCT server has started successfully.
14:02:54 INFO  : Successfully done setting XSCT server connection channel  
14:02:54 INFO  : plnx-install-location is set to ''
14:02:54 INFO  : Successfully done setting workspace for the tool. 
14:02:54 INFO  : Successfully done query RDI_DATADIR 
14:05:33 INFO  : Result from executing command 'getProjects': AXI_MultiDMA_Accumulator_Platform
14:05:33 INFO  : Result from executing command 'getPlatforms': 
14:07:16 INFO  : No changes in MSS file content so sources will not be generated.
14:08:02 INFO  : Result from executing command 'getProjects': AXI_MultiDMA_Accumulator_Platform
14:08:02 INFO  : Result from executing command 'getPlatforms': AXI_MultiDMA_Accumulator_Platform|/home/yuhaoliu/Projects/Verilog/AXI-MultiDMA-Ultra96V2/src/app/AXI_MultiDMA_Accumulator_Platform/export/AXI_MultiDMA_Accumulator_Platform/AXI_MultiDMA_Accumulator_Platform.xpfm
14:14:37 INFO  : Checking for BSP changes to sync application flags for project 'AXI_MultiDMA_Accumulator_app'...
14:15:40 INFO  : Connected to target on host '127.0.0.1' and port '3121'.
14:15:40 INFO  : Jtag cable 'Avnet USB-to-JTAG/UART Pod V1 1234-oj1A' is selected.
14:15:40 INFO  : 'jtag frequency' command is executed.
14:15:40 INFO  : Sourcing of '/home/yuhaoliu/Tools/Hardware/Xilinx/Vitis/2020.2/scripts/vitis/util/zynqmp_utils.tcl' is done.
14:15:40 INFO  : Context for 'APU' is selected.
14:15:41 INFO  : System reset is completed.
14:15:45 INFO  : 'after 3000' command is executed.
14:15:45 INFO  : 'targets -set -filter {jtag_cable_name =~ "Avnet USB-to-JTAG/UART Pod V1 1234-oj1A" && level==0 && jtag_device_ctx=="jsn-USB-to-JTAG/UART Pod V1-1234-oj1A-14710093-0"}' command is executed.
14:15:48 INFO  : Device configured successfully with "/home/yuhaoliu/Projects/Verilog/AXI-MultiDMA-Ultra96V2/src/app/AXI_MultiDMA_Accumulator_app/_ide/bitstream/Accumulator_MultiDMA_bd_wrapper.bit"
14:15:48 INFO  : Context for 'APU' is selected.
14:15:50 INFO  : Hardware design and registers information is loaded from '/home/yuhaoliu/Projects/Verilog/AXI-MultiDMA-Ultra96V2/src/app/AXI_MultiDMA_Accumulator_Platform/export/AXI_MultiDMA_Accumulator_Platform/hw/Accumulator_MultiDMA_bd_wrapper.xsa'.
14:15:50 INFO  : 'configparams force-mem-access 1' command is executed.
14:15:50 INFO  : Context for 'APU' is selected.
14:15:50 INFO  : Sourcing of '/home/yuhaoliu/Projects/Verilog/AXI-MultiDMA-Ultra96V2/src/app/AXI_MultiDMA_Accumulator_app/_ide/psinit/psu_init.tcl' is done.
14:15:51 INFO  : 'psu_init' command is executed.
14:15:52 INFO  : 'after 1000' command is executed.
14:15:52 INFO  : 'psu_ps_pl_isolation_removal' command is executed.
14:15:53 INFO  : 'after 1000' command is executed.
14:15:53 INFO  : 'psu_ps_pl_reset_config' command is executed.
14:15:53 INFO  : 'catch {psu_protection}' command is executed.
14:15:53 INFO  : Context for processor 'psu_cortexa53_0' is selected.
14:15:53 INFO  : Processor reset is completed for 'psu_cortexa53_0'.
14:15:54 INFO  : The application '/home/yuhaoliu/Projects/Verilog/AXI-MultiDMA-Ultra96V2/src/app/AXI_MultiDMA_Accumulator_app/Debug/AXI_MultiDMA_Accumulator_app.elf' is downloaded to processor 'psu_cortexa53_0'.
14:15:54 INFO  : 'configparams force-mem-access 0' command is executed.
14:15:54 INFO  : ----------------XSDB Script----------------
connect -url tcp:127.0.0.1:3121
source /home/yuhaoliu/Tools/Hardware/Xilinx/Vitis/2020.2/scripts/vitis/util/zynqmp_utils.tcl
targets -set -nocase -filter {name =~"APU*"}
rst -system
after 3000
targets -set -filter {jtag_cable_name =~ "Avnet USB-to-JTAG/UART Pod V1 1234-oj1A" && level==0 && jtag_device_ctx=="jsn-USB-to-JTAG/UART Pod V1-1234-oj1A-14710093-0"}
fpga -file /home/yuhaoliu/Projects/Verilog/AXI-MultiDMA-Ultra96V2/src/app/AXI_MultiDMA_Accumulator_app/_ide/bitstream/Accumulator_MultiDMA_bd_wrapper.bit
targets -set -nocase -filter {name =~"APU*"}
loadhw -hw /home/yuhaoliu/Projects/Verilog/AXI-MultiDMA-Ultra96V2/src/app/AXI_MultiDMA_Accumulator_Platform/export/AXI_MultiDMA_Accumulator_Platform/hw/Accumulator_MultiDMA_bd_wrapper.xsa -mem-ranges [list {0x80000000 0xbfffffff} {0x400000000 0x5ffffffff} {0x1000000000 0x7fffffffff}] -regs
configparams force-mem-access 1
targets -set -nocase -filter {name =~"APU*"}
source /home/yuhaoliu/Projects/Verilog/AXI-MultiDMA-Ultra96V2/src/app/AXI_MultiDMA_Accumulator_app/_ide/psinit/psu_init.tcl
psu_init
after 1000
psu_ps_pl_isolation_removal
after 1000
psu_ps_pl_reset_config
catch {psu_protection}
targets -set -nocase -filter {name =~ "*A53*#0"}
rst -processor
dow /home/yuhaoliu/Projects/Verilog/AXI-MultiDMA-Ultra96V2/src/app/AXI_MultiDMA_Accumulator_app/Debug/AXI_MultiDMA_Accumulator_app.elf
configparams force-mem-access 0
----------------End of Script----------------

14:15:54 INFO  : Context for processor 'psu_cortexa53_0' is selected.
14:15:54 INFO  : 'con' command is executed.
14:15:54 INFO  : ----------------XSDB Script (After Launch)----------------
targets -set -nocase -filter {name =~ "*A53*#0"}
con
----------------End of Script----------------

14:15:54 INFO  : Launch script is exported to file '/home/yuhaoliu/Projects/Verilog/AXI-MultiDMA-Ultra96V2/src/app/AXI_MultiDMA_Accumulator_app_system/_ide/scripts/systemdebugger_axi_multidma_accumulator_app_system_standalone.tcl'
14:16:22 INFO  : Disconnected from the channel tcfchan#3.
14:21:02 INFO  : Checking for BSP changes to sync application flags for project 'AXI_MultiDMA_Accumulator_app'...
14:21:36 INFO  : Connected to target on host '127.0.0.1' and port '3121'.
14:21:37 INFO  : Jtag cable 'Avnet USB-to-JTAG/UART Pod V1 1234-oj1A' is selected.
14:21:37 INFO  : 'jtag frequency' command is executed.
14:21:37 INFO  : Sourcing of '/home/yuhaoliu/Tools/Hardware/Xilinx/Vitis/2020.2/scripts/vitis/util/zynqmp_utils.tcl' is done.
14:21:37 INFO  : Context for 'APU' is selected.
14:21:38 INFO  : System reset is completed.
14:21:41 INFO  : 'after 3000' command is executed.
14:21:41 INFO  : 'targets -set -filter {jtag_cable_name =~ "Avnet USB-to-JTAG/UART Pod V1 1234-oj1A" && level==0 && jtag_device_ctx=="jsn-USB-to-JTAG/UART Pod V1-1234-oj1A-14710093-0"}' command is executed.
14:21:44 INFO  : Device configured successfully with "/home/yuhaoliu/Projects/Verilog/AXI-MultiDMA-Ultra96V2/src/app/AXI_MultiDMA_Accumulator_app/_ide/bitstream/Accumulator_MultiDMA_bd_wrapper.bit"
14:21:44 INFO  : Context for 'APU' is selected.
14:21:44 INFO  : Hardware design and registers information is loaded from '/home/yuhaoliu/Projects/Verilog/AXI-MultiDMA-Ultra96V2/src/app/AXI_MultiDMA_Accumulator_Platform/export/AXI_MultiDMA_Accumulator_Platform/hw/Accumulator_MultiDMA_bd_wrapper.xsa'.
14:21:44 INFO  : 'configparams force-mem-access 1' command is executed.
14:21:44 INFO  : Context for 'APU' is selected.
14:21:44 INFO  : Sourcing of '/home/yuhaoliu/Projects/Verilog/AXI-MultiDMA-Ultra96V2/src/app/AXI_MultiDMA_Accumulator_app/_ide/psinit/psu_init.tcl' is done.
14:21:46 INFO  : 'psu_init' command is executed.
14:21:47 INFO  : 'after 1000' command is executed.
14:21:47 INFO  : 'psu_ps_pl_isolation_removal' command is executed.
14:21:48 INFO  : 'after 1000' command is executed.
14:21:48 INFO  : 'psu_ps_pl_reset_config' command is executed.
14:21:48 INFO  : 'catch {psu_protection}' command is executed.
14:21:48 INFO  : Context for processor 'psu_cortexa53_0' is selected.
14:21:48 INFO  : Processor reset is completed for 'psu_cortexa53_0'.
14:21:48 INFO  : The application '/home/yuhaoliu/Projects/Verilog/AXI-MultiDMA-Ultra96V2/src/app/AXI_MultiDMA_Accumulator_app/Debug/AXI_MultiDMA_Accumulator_app.elf' is downloaded to processor 'psu_cortexa53_0'.
14:21:48 INFO  : 'configparams force-mem-access 0' command is executed.
14:21:48 INFO  : ----------------XSDB Script----------------
connect -url tcp:127.0.0.1:3121
source /home/yuhaoliu/Tools/Hardware/Xilinx/Vitis/2020.2/scripts/vitis/util/zynqmp_utils.tcl
targets -set -nocase -filter {name =~"APU*"}
rst -system
after 3000
targets -set -filter {jtag_cable_name =~ "Avnet USB-to-JTAG/UART Pod V1 1234-oj1A" && level==0 && jtag_device_ctx=="jsn-USB-to-JTAG/UART Pod V1-1234-oj1A-14710093-0"}
fpga -file /home/yuhaoliu/Projects/Verilog/AXI-MultiDMA-Ultra96V2/src/app/AXI_MultiDMA_Accumulator_app/_ide/bitstream/Accumulator_MultiDMA_bd_wrapper.bit
targets -set -nocase -filter {name =~"APU*"}
loadhw -hw /home/yuhaoliu/Projects/Verilog/AXI-MultiDMA-Ultra96V2/src/app/AXI_MultiDMA_Accumulator_Platform/export/AXI_MultiDMA_Accumulator_Platform/hw/Accumulator_MultiDMA_bd_wrapper.xsa -mem-ranges [list {0x80000000 0xbfffffff} {0x400000000 0x5ffffffff} {0x1000000000 0x7fffffffff}] -regs
configparams force-mem-access 1
targets -set -nocase -filter {name =~"APU*"}
source /home/yuhaoliu/Projects/Verilog/AXI-MultiDMA-Ultra96V2/src/app/AXI_MultiDMA_Accumulator_app/_ide/psinit/psu_init.tcl
psu_init
after 1000
psu_ps_pl_isolation_removal
after 1000
psu_ps_pl_reset_config
catch {psu_protection}
targets -set -nocase -filter {name =~ "*A53*#0"}
rst -processor
dow /home/yuhaoliu/Projects/Verilog/AXI-MultiDMA-Ultra96V2/src/app/AXI_MultiDMA_Accumulator_app/Debug/AXI_MultiDMA_Accumulator_app.elf
configparams force-mem-access 0
----------------End of Script----------------

14:21:48 INFO  : Context for processor 'psu_cortexa53_0' is selected.
14:21:48 INFO  : 'con' command is executed.
14:21:48 INFO  : ----------------XSDB Script (After Launch)----------------
targets -set -nocase -filter {name =~ "*A53*#0"}
con
----------------End of Script----------------

14:21:48 INFO  : Launch script is exported to file '/home/yuhaoliu/Projects/Verilog/AXI-MultiDMA-Ultra96V2/src/app/AXI_MultiDMA_Accumulator_app_system/_ide/scripts/systemdebugger_axi_multidma_accumulator_app_system_standalone.tcl'
14:23:16 INFO  : Disconnected from the channel tcfchan#5.
14:23:24 INFO  : Connected to target on host '127.0.0.1' and port '3121'.
14:23:25 INFO  : Jtag cable 'Avnet USB-to-JTAG/UART Pod V1 1234-oj1A' is selected.
14:23:25 INFO  : 'jtag frequency' command is executed.
14:23:25 INFO  : Sourcing of '/home/yuhaoliu/Tools/Hardware/Xilinx/Vitis/2020.2/scripts/vitis/util/zynqmp_utils.tcl' is done.
14:23:25 INFO  : Context for 'APU' is selected.
14:23:26 INFO  : System reset is completed.
14:23:29 INFO  : 'after 3000' command is executed.
14:23:29 INFO  : 'targets -set -filter {jtag_cable_name =~ "Avnet USB-to-JTAG/UART Pod V1 1234-oj1A" && level==0 && jtag_device_ctx=="jsn-USB-to-JTAG/UART Pod V1-1234-oj1A-14710093-0"}' command is executed.
14:23:32 INFO  : Device configured successfully with "/home/yuhaoliu/Projects/Verilog/AXI-MultiDMA-Ultra96V2/src/app/AXI_MultiDMA_Accumulator_app/_ide/bitstream/Accumulator_MultiDMA_bd_wrapper.bit"
14:23:32 INFO  : Context for 'APU' is selected.
14:23:32 INFO  : Hardware design and registers information is loaded from '/home/yuhaoliu/Projects/Verilog/AXI-MultiDMA-Ultra96V2/src/app/AXI_MultiDMA_Accumulator_Platform/export/AXI_MultiDMA_Accumulator_Platform/hw/Accumulator_MultiDMA_bd_wrapper.xsa'.
14:23:32 INFO  : 'configparams force-mem-access 1' command is executed.
14:23:32 INFO  : Context for 'APU' is selected.
14:23:32 INFO  : Sourcing of '/home/yuhaoliu/Projects/Verilog/AXI-MultiDMA-Ultra96V2/src/app/AXI_MultiDMA_Accumulator_app/_ide/psinit/psu_init.tcl' is done.
14:23:33 INFO  : 'psu_init' command is executed.
14:23:34 INFO  : 'after 1000' command is executed.
14:23:35 INFO  : 'psu_ps_pl_isolation_removal' command is executed.
14:23:36 INFO  : 'after 1000' command is executed.
14:23:36 INFO  : 'psu_ps_pl_reset_config' command is executed.
14:23:36 INFO  : 'catch {psu_protection}' command is executed.
14:23:36 INFO  : Context for processor 'psu_cortexa53_0' is selected.
14:23:36 INFO  : Processor reset is completed for 'psu_cortexa53_0'.
14:23:36 INFO  : The application '/home/yuhaoliu/Projects/Verilog/AXI-MultiDMA-Ultra96V2/src/app/AXI_MultiDMA_Accumulator_app/Debug/AXI_MultiDMA_Accumulator_app.elf' is downloaded to processor 'psu_cortexa53_0'.
14:23:36 INFO  : 'configparams force-mem-access 0' command is executed.
14:23:36 INFO  : ----------------XSDB Script----------------
connect -url tcp:127.0.0.1:3121
source /home/yuhaoliu/Tools/Hardware/Xilinx/Vitis/2020.2/scripts/vitis/util/zynqmp_utils.tcl
targets -set -nocase -filter {name =~"APU*"}
rst -system
after 3000
targets -set -filter {jtag_cable_name =~ "Avnet USB-to-JTAG/UART Pod V1 1234-oj1A" && level==0 && jtag_device_ctx=="jsn-USB-to-JTAG/UART Pod V1-1234-oj1A-14710093-0"}
fpga -file /home/yuhaoliu/Projects/Verilog/AXI-MultiDMA-Ultra96V2/src/app/AXI_MultiDMA_Accumulator_app/_ide/bitstream/Accumulator_MultiDMA_bd_wrapper.bit
targets -set -nocase -filter {name =~"APU*"}
loadhw -hw /home/yuhaoliu/Projects/Verilog/AXI-MultiDMA-Ultra96V2/src/app/AXI_MultiDMA_Accumulator_Platform/export/AXI_MultiDMA_Accumulator_Platform/hw/Accumulator_MultiDMA_bd_wrapper.xsa -mem-ranges [list {0x80000000 0xbfffffff} {0x400000000 0x5ffffffff} {0x1000000000 0x7fffffffff}] -regs
configparams force-mem-access 1
targets -set -nocase -filter {name =~"APU*"}
source /home/yuhaoliu/Projects/Verilog/AXI-MultiDMA-Ultra96V2/src/app/AXI_MultiDMA_Accumulator_app/_ide/psinit/psu_init.tcl
psu_init
after 1000
psu_ps_pl_isolation_removal
after 1000
psu_ps_pl_reset_config
catch {psu_protection}
targets -set -nocase -filter {name =~ "*A53*#0"}
rst -processor
dow /home/yuhaoliu/Projects/Verilog/AXI-MultiDMA-Ultra96V2/src/app/AXI_MultiDMA_Accumulator_app/Debug/AXI_MultiDMA_Accumulator_app.elf
configparams force-mem-access 0
----------------End of Script----------------

14:23:36 INFO  : Context for processor 'psu_cortexa53_0' is selected.
14:23:36 INFO  : 'con' command is executed.
14:23:36 INFO  : ----------------XSDB Script (After Launch)----------------
targets -set -nocase -filter {name =~ "*A53*#0"}
con
----------------End of Script----------------

14:23:36 INFO  : Launch script is exported to file '/home/yuhaoliu/Projects/Verilog/AXI-MultiDMA-Ultra96V2/src/app/AXI_MultiDMA_Accumulator_app_system/_ide/scripts/systemdebugger_axi_multidma_accumulator_app_system_standalone.tcl'
14:24:39 INFO  : Disconnected from the channel tcfchan#6.
14:24:56 INFO  : Checking for BSP changes to sync application flags for project 'AXI_MultiDMA_Accumulator_app'...
14:25:20 INFO  : Connected to target on host '127.0.0.1' and port '3121'.
14:25:21 INFO  : Jtag cable 'Avnet USB-to-JTAG/UART Pod V1 1234-oj1A' is selected.
14:25:21 INFO  : 'jtag frequency' command is executed.
14:25:21 INFO  : Sourcing of '/home/yuhaoliu/Tools/Hardware/Xilinx/Vitis/2020.2/scripts/vitis/util/zynqmp_utils.tcl' is done.
14:25:21 INFO  : Context for 'APU' is selected.
14:25:22 INFO  : System reset is completed.
14:25:25 INFO  : 'after 3000' command is executed.
14:25:25 INFO  : 'targets -set -filter {jtag_cable_name =~ "Avnet USB-to-JTAG/UART Pod V1 1234-oj1A" && level==0 && jtag_device_ctx=="jsn-USB-to-JTAG/UART Pod V1-1234-oj1A-14710093-0"}' command is executed.
14:25:28 INFO  : Device configured successfully with "/home/yuhaoliu/Projects/Verilog/AXI-MultiDMA-Ultra96V2/src/app/AXI_MultiDMA_Accumulator_app/_ide/bitstream/Accumulator_MultiDMA_bd_wrapper.bit"
14:25:28 INFO  : Context for 'APU' is selected.
14:25:28 INFO  : Hardware design and registers information is loaded from '/home/yuhaoliu/Projects/Verilog/AXI-MultiDMA-Ultra96V2/src/app/AXI_MultiDMA_Accumulator_Platform/export/AXI_MultiDMA_Accumulator_Platform/hw/Accumulator_MultiDMA_bd_wrapper.xsa'.
14:25:28 INFO  : 'configparams force-mem-access 1' command is executed.
14:25:28 INFO  : Context for 'APU' is selected.
14:25:28 INFO  : Sourcing of '/home/yuhaoliu/Projects/Verilog/AXI-MultiDMA-Ultra96V2/src/app/AXI_MultiDMA_Accumulator_app/_ide/psinit/psu_init.tcl' is done.
14:25:30 INFO  : 'psu_init' command is executed.
14:25:31 INFO  : 'after 1000' command is executed.
14:25:31 INFO  : 'psu_ps_pl_isolation_removal' command is executed.
14:25:32 INFO  : 'after 1000' command is executed.
14:25:32 INFO  : 'psu_ps_pl_reset_config' command is executed.
14:25:32 INFO  : 'catch {psu_protection}' command is executed.
14:25:32 INFO  : Context for processor 'psu_cortexa53_0' is selected.
14:25:32 INFO  : Processor reset is completed for 'psu_cortexa53_0'.
14:25:33 INFO  : The application '/home/yuhaoliu/Projects/Verilog/AXI-MultiDMA-Ultra96V2/src/app/AXI_MultiDMA_Accumulator_app/Debug/AXI_MultiDMA_Accumulator_app.elf' is downloaded to processor 'psu_cortexa53_0'.
14:25:33 INFO  : 'configparams force-mem-access 0' command is executed.
14:25:33 INFO  : ----------------XSDB Script----------------
connect -url tcp:127.0.0.1:3121
source /home/yuhaoliu/Tools/Hardware/Xilinx/Vitis/2020.2/scripts/vitis/util/zynqmp_utils.tcl
targets -set -nocase -filter {name =~"APU*"}
rst -system
after 3000
targets -set -filter {jtag_cable_name =~ "Avnet USB-to-JTAG/UART Pod V1 1234-oj1A" && level==0 && jtag_device_ctx=="jsn-USB-to-JTAG/UART Pod V1-1234-oj1A-14710093-0"}
fpga -file /home/yuhaoliu/Projects/Verilog/AXI-MultiDMA-Ultra96V2/src/app/AXI_MultiDMA_Accumulator_app/_ide/bitstream/Accumulator_MultiDMA_bd_wrapper.bit
targets -set -nocase -filter {name =~"APU*"}
loadhw -hw /home/yuhaoliu/Projects/Verilog/AXI-MultiDMA-Ultra96V2/src/app/AXI_MultiDMA_Accumulator_Platform/export/AXI_MultiDMA_Accumulator_Platform/hw/Accumulator_MultiDMA_bd_wrapper.xsa -mem-ranges [list {0x80000000 0xbfffffff} {0x400000000 0x5ffffffff} {0x1000000000 0x7fffffffff}] -regs
configparams force-mem-access 1
targets -set -nocase -filter {name =~"APU*"}
source /home/yuhaoliu/Projects/Verilog/AXI-MultiDMA-Ultra96V2/src/app/AXI_MultiDMA_Accumulator_app/_ide/psinit/psu_init.tcl
psu_init
after 1000
psu_ps_pl_isolation_removal
after 1000
psu_ps_pl_reset_config
catch {psu_protection}
targets -set -nocase -filter {name =~ "*A53*#0"}
rst -processor
dow /home/yuhaoliu/Projects/Verilog/AXI-MultiDMA-Ultra96V2/src/app/AXI_MultiDMA_Accumulator_app/Debug/AXI_MultiDMA_Accumulator_app.elf
configparams force-mem-access 0
----------------End of Script----------------

14:25:33 INFO  : Context for processor 'psu_cortexa53_0' is selected.
14:25:33 INFO  : 'con' command is executed.
14:25:33 INFO  : ----------------XSDB Script (After Launch)----------------
targets -set -nocase -filter {name =~ "*A53*#0"}
con
----------------End of Script----------------

14:25:33 INFO  : Launch script is exported to file '/home/yuhaoliu/Projects/Verilog/AXI-MultiDMA-Ultra96V2/src/app/AXI_MultiDMA_Accumulator_app_system/_ide/scripts/systemdebugger_axi_multidma_accumulator_app_system_standalone.tcl'
14:27:53 INFO  : Disconnected from the channel tcfchan#8.
15:06:15 INFO  : Checking for BSP changes to sync application flags for project 'AXI_MultiDMA_Accumulator_app'...
15:07:44 INFO  : Checking for BSP changes to sync application flags for project 'AXI_MultiDMA_Accumulator_app'...
15:08:17 INFO  : Connected to target on host '127.0.0.1' and port '3121'.
15:08:18 INFO  : Jtag cable 'Avnet USB-to-JTAG/UART Pod V1 1234-oj1A' is selected.
15:08:18 INFO  : 'jtag frequency' command is executed.
15:08:18 INFO  : Sourcing of '/home/yuhaoliu/Tools/Hardware/Xilinx/Vitis/2020.2/scripts/vitis/util/zynqmp_utils.tcl' is done.
15:08:18 INFO  : Context for 'APU' is selected.
15:08:19 INFO  : System reset is completed.
15:08:22 INFO  : 'after 3000' command is executed.
15:08:22 INFO  : 'targets -set -filter {jtag_cable_name =~ "Avnet USB-to-JTAG/UART Pod V1 1234-oj1A" && level==0 && jtag_device_ctx=="jsn-USB-to-JTAG/UART Pod V1-1234-oj1A-14710093-0"}' command is executed.
15:08:25 INFO  : Device configured successfully with "/home/yuhaoliu/Projects/Verilog/AXI-MultiDMA-Ultra96V2/src/app/AXI_MultiDMA_Accumulator_app/_ide/bitstream/Accumulator_MultiDMA_bd_wrapper.bit"
15:08:25 INFO  : Context for 'APU' is selected.
15:08:25 INFO  : Hardware design and registers information is loaded from '/home/yuhaoliu/Projects/Verilog/AXI-MultiDMA-Ultra96V2/src/app/AXI_MultiDMA_Accumulator_Platform/export/AXI_MultiDMA_Accumulator_Platform/hw/Accumulator_MultiDMA_bd_wrapper.xsa'.
15:08:25 INFO  : 'configparams force-mem-access 1' command is executed.
15:08:25 INFO  : Context for 'APU' is selected.
15:08:25 INFO  : Sourcing of '/home/yuhaoliu/Projects/Verilog/AXI-MultiDMA-Ultra96V2/src/app/AXI_MultiDMA_Accumulator_app/_ide/psinit/psu_init.tcl' is done.
15:08:27 INFO  : 'psu_init' command is executed.
15:08:28 INFO  : 'after 1000' command is executed.
15:08:28 INFO  : 'psu_ps_pl_isolation_removal' command is executed.
15:08:29 INFO  : 'after 1000' command is executed.
15:08:29 INFO  : 'psu_ps_pl_reset_config' command is executed.
15:08:29 INFO  : 'catch {psu_protection}' command is executed.
15:08:29 INFO  : Context for processor 'psu_cortexa53_0' is selected.
15:08:29 INFO  : Processor reset is completed for 'psu_cortexa53_0'.
15:08:30 INFO  : The application '/home/yuhaoliu/Projects/Verilog/AXI-MultiDMA-Ultra96V2/src/app/AXI_MultiDMA_Accumulator_app/Debug/AXI_MultiDMA_Accumulator_app.elf' is downloaded to processor 'psu_cortexa53_0'.
15:08:30 INFO  : 'configparams force-mem-access 0' command is executed.
15:08:30 INFO  : ----------------XSDB Script----------------
connect -url tcp:127.0.0.1:3121
source /home/yuhaoliu/Tools/Hardware/Xilinx/Vitis/2020.2/scripts/vitis/util/zynqmp_utils.tcl
targets -set -nocase -filter {name =~"APU*"}
rst -system
after 3000
targets -set -filter {jtag_cable_name =~ "Avnet USB-to-JTAG/UART Pod V1 1234-oj1A" && level==0 && jtag_device_ctx=="jsn-USB-to-JTAG/UART Pod V1-1234-oj1A-14710093-0"}
fpga -file /home/yuhaoliu/Projects/Verilog/AXI-MultiDMA-Ultra96V2/src/app/AXI_MultiDMA_Accumulator_app/_ide/bitstream/Accumulator_MultiDMA_bd_wrapper.bit
targets -set -nocase -filter {name =~"APU*"}
loadhw -hw /home/yuhaoliu/Projects/Verilog/AXI-MultiDMA-Ultra96V2/src/app/AXI_MultiDMA_Accumulator_Platform/export/AXI_MultiDMA_Accumulator_Platform/hw/Accumulator_MultiDMA_bd_wrapper.xsa -mem-ranges [list {0x80000000 0xbfffffff} {0x400000000 0x5ffffffff} {0x1000000000 0x7fffffffff}] -regs
configparams force-mem-access 1
targets -set -nocase -filter {name =~"APU*"}
source /home/yuhaoliu/Projects/Verilog/AXI-MultiDMA-Ultra96V2/src/app/AXI_MultiDMA_Accumulator_app/_ide/psinit/psu_init.tcl
psu_init
after 1000
psu_ps_pl_isolation_removal
after 1000
psu_ps_pl_reset_config
catch {psu_protection}
targets -set -nocase -filter {name =~ "*A53*#0"}
rst -processor
dow /home/yuhaoliu/Projects/Verilog/AXI-MultiDMA-Ultra96V2/src/app/AXI_MultiDMA_Accumulator_app/Debug/AXI_MultiDMA_Accumulator_app.elf
configparams force-mem-access 0
----------------End of Script----------------

15:08:30 INFO  : Context for processor 'psu_cortexa53_0' is selected.
15:08:30 INFO  : 'con' command is executed.
15:08:30 INFO  : ----------------XSDB Script (After Launch)----------------
targets -set -nocase -filter {name =~ "*A53*#0"}
con
----------------End of Script----------------

15:08:30 INFO  : Launch script is exported to file '/home/yuhaoliu/Projects/Verilog/AXI-MultiDMA-Ultra96V2/src/app/AXI_MultiDMA_Accumulator_app_system/_ide/scripts/systemdebugger_axi_multidma_accumulator_app_system_standalone.tcl'
15:14:30 INFO  : Disconnected from the channel tcfchan#11.
