
*** Running vivado
    with args -log Accumulator_MultiDMA_bd_axi_gpio_0_2.vds -m64 -product Vivado -mode batch -messageDb vivado.pb -notrace -source Accumulator_MultiDMA_bd_axi_gpio_0_2.tcl


****** Vivado v2020.2 (64-bit)
  **** SW Build 3064766 on Wed Nov 18 09:12:47 MST 2020
  **** IP Build 3064653 on Wed Nov 18 14:17:31 MST 2020
    ** Copyright 1986-2020 Xilinx, Inc. All Rights Reserved.

source Accumulator_MultiDMA_bd_axi_gpio_0_2.tcl -notrace
Command: synth_design -top Accumulator_MultiDMA_bd_axi_gpio_0_2 -part xczu3eg-sbva484-1-i -mode out_of_context
Starting synth_design
Attempting to get a license for feature 'Synthesis' and/or device 'xczu3eg'
INFO: [Common 17-349] Got license for feature 'Synthesis' and/or device 'xczu3eg'
INFO: [Device 21-403] Loading part xczu3eg-sbva484-1-i
INFO: [Synth 8-7079] Multithreading enabled for synth_design using a maximum of 4 processes.
INFO: [Synth 8-7078] Launching helper process for spawning children vivado processes
INFO: [Synth 8-7075] Helper process launched with PID 67830
---------------------------------------------------------------------------------
Starting RTL Elaboration : Time (s): cpu = 00:00:04 ; elapsed = 00:00:11 . Memory (MB): peak = 2710.352 ; gain = 30.832 ; free physical = 163 ; free virtual = 18467
---------------------------------------------------------------------------------
INFO: [Synth 8-638] synthesizing module 'Accumulator_MultiDMA_bd_axi_gpio_0_2' [/home/yuhaoliu/Projects/Verilog/AXI-MultiDMA-Ultra96V2/src/bd/Accumulator_MultiDMA_bd/ip/Accumulator_MultiDMA_bd_axi_gpio_0_2/synth/Accumulator_MultiDMA_bd_axi_gpio_0_2.vhd:84]
	Parameter C_FAMILY bound to: zynquplus - type: string 
	Parameter C_S_AXI_ADDR_WIDTH bound to: 9 - type: integer 
	Parameter C_S_AXI_DATA_WIDTH bound to: 32 - type: integer 
	Parameter C_GPIO_WIDTH bound to: 32 - type: integer 
	Parameter C_GPIO2_WIDTH bound to: 32 - type: integer 
	Parameter C_ALL_INPUTS bound to: 1 - type: integer 
	Parameter C_ALL_INPUTS_2 bound to: 0 - type: integer 
	Parameter C_ALL_OUTPUTS bound to: 0 - type: integer 
	Parameter C_ALL_OUTPUTS_2 bound to: 0 - type: integer 
	Parameter C_INTERRUPT_PRESENT bound to: 0 - type: integer 
	Parameter C_DOUT_DEFAULT bound to: 32'b00000000000000000000000000000000 
	Parameter C_TRI_DEFAULT bound to: 32'b11111111111111111111111111111111 
	Parameter C_IS_DUAL bound to: 0 - type: integer 
	Parameter C_DOUT_DEFAULT_2 bound to: 32'b00000000000000000000000000000000 
	Parameter C_TRI_DEFAULT_2 bound to: 32'b11111111111111111111111111111111 
INFO: [Synth 8-3491] module 'axi_gpio' declared at '/home/yuhaoliu/Projects/Verilog/AXI-MultiDMA-Ultra96V2/src/bd/Accumulator_MultiDMA_bd/ipshared/4318/hdl/axi_gpio_v2_0_vh_rfs.vhd:1265' bound to instance 'U0' of component 'axi_gpio' [/home/yuhaoliu/Projects/Verilog/AXI-MultiDMA-Ultra96V2/src/bd/Accumulator_MultiDMA_bd/ip/Accumulator_MultiDMA_bd_axi_gpio_0_2/synth/Accumulator_MultiDMA_bd_axi_gpio_0_2.vhd:169]
INFO: [Synth 8-638] synthesizing module 'axi_gpio' [/home/yuhaoliu/Projects/Verilog/AXI-MultiDMA-Ultra96V2/src/bd/Accumulator_MultiDMA_bd/ipshared/4318/hdl/axi_gpio_v2_0_vh_rfs.vhd:1351]
	Parameter C_FAMILY bound to: zynquplus - type: string 
	Parameter C_S_AXI_ADDR_WIDTH bound to: 9 - type: integer 
	Parameter C_S_AXI_DATA_WIDTH bound to: 32 - type: integer 
	Parameter C_GPIO_WIDTH bound to: 32 - type: integer 
	Parameter C_GPIO2_WIDTH bound to: 32 - type: integer 
	Parameter C_ALL_INPUTS bound to: 1 - type: integer 
	Parameter C_ALL_INPUTS_2 bound to: 0 - type: integer 
	Parameter C_ALL_OUTPUTS bound to: 0 - type: integer 
	Parameter C_ALL_OUTPUTS_2 bound to: 0 - type: integer 
	Parameter C_INTERRUPT_PRESENT bound to: 0 - type: integer 
	Parameter C_DOUT_DEFAULT bound to: 0 - type: integer 
	Parameter C_TRI_DEFAULT bound to: -1 - type: integer 
	Parameter C_IS_DUAL bound to: 0 - type: integer 
	Parameter C_DOUT_DEFAULT_2 bound to: 0 - type: integer 
	Parameter C_TRI_DEFAULT_2 bound to: -1 - type: integer 
INFO: [Synth 8-638] synthesizing module 'axi_lite_ipif' [/home/yuhaoliu/Projects/Verilog/AXI-MultiDMA-Ultra96V2/src/bd/Accumulator_MultiDMA_bd/ipshared/66ea/hdl/axi_lite_ipif_v3_0_vh_rfs.vhd:2948]
	Parameter C_S_AXI_DATA_WIDTH bound to: 32 - type: integer 
	Parameter C_S_AXI_ADDR_WIDTH bound to: 9 - type: integer 
	Parameter C_S_AXI_MIN_SIZE bound to: 32'b00000000000000000000000111111111 
	Parameter C_USE_WSTRB bound to: 0 - type: integer 
	Parameter C_DPHASE_TIMEOUT bound to: 8 - type: integer 
	Parameter C_ARD_ADDR_RANGE_ARRAY bound to: 128'b00000000000000000000000000000000000000000000000000000000000000000000000000000000000000000000000000000000000000000000000000001111 
	Parameter C_ARD_NUM_CE_ARRAY bound to: 32'b00000000000000000000000000000100 
	Parameter C_FAMILY bound to: zynquplus - type: string 
INFO: [Synth 8-638] synthesizing module 'slave_attachment' [/home/yuhaoliu/Projects/Verilog/AXI-MultiDMA-Ultra96V2/src/bd/Accumulator_MultiDMA_bd/ipshared/66ea/hdl/axi_lite_ipif_v3_0_vh_rfs.vhd:2341]
	Parameter C_ARD_ADDR_RANGE_ARRAY bound to: 128'b00000000000000000000000000000000000000000000000000000000000000000000000000000000000000000000000000000000000000000000000000001111 
	Parameter C_ARD_NUM_CE_ARRAY bound to: 32'b00000000000000000000000000000100 
	Parameter C_IPIF_ABUS_WIDTH bound to: 9 - type: integer 
	Parameter C_IPIF_DBUS_WIDTH bound to: 32 - type: integer 
	Parameter C_S_AXI_MIN_SIZE bound to: 511 - type: integer 
	Parameter C_USE_WSTRB bound to: 0 - type: integer 
	Parameter C_DPHASE_TIMEOUT bound to: 8 - type: integer 
	Parameter C_FAMILY bound to: zynquplus - type: string 
INFO: [Synth 8-638] synthesizing module 'address_decoder' [/home/yuhaoliu/Projects/Verilog/AXI-MultiDMA-Ultra96V2/src/bd/Accumulator_MultiDMA_bd/ipshared/66ea/hdl/axi_lite_ipif_v3_0_vh_rfs.vhd:1775]
	Parameter C_BUS_AWIDTH bound to: 9 - type: integer 
	Parameter C_S_AXI_MIN_SIZE bound to: 511 - type: integer 
	Parameter C_ARD_ADDR_RANGE_ARRAY bound to: 128'b00000000000000000000000000000000000000000000000000000000000000000000000000000000000000000000000000000000000000000000000000001111 
	Parameter C_ARD_NUM_CE_ARRAY bound to: 32'b00000000000000000000000000000100 
	Parameter C_FAMILY bound to: nofamily - type: string 
INFO: [Synth 8-638] synthesizing module 'pselect_f' [/home/yuhaoliu/Projects/Verilog/AXI-MultiDMA-Ultra96V2/src/bd/Accumulator_MultiDMA_bd/ipshared/66ea/hdl/axi_lite_ipif_v3_0_vh_rfs.vhd:1534]
	Parameter C_AB bound to: 2 - type: integer 
	Parameter C_AW bound to: 2 - type: integer 
	Parameter C_BAR bound to: 2'b00 
	Parameter C_FAMILY bound to: nofamily - type: string 
INFO: [Synth 8-256] done synthesizing module 'pselect_f' (1#1) [/home/yuhaoliu/Projects/Verilog/AXI-MultiDMA-Ultra96V2/src/bd/Accumulator_MultiDMA_bd/ipshared/66ea/hdl/axi_lite_ipif_v3_0_vh_rfs.vhd:1534]
INFO: [Synth 8-638] synthesizing module 'pselect_f__parameterized0' [/home/yuhaoliu/Projects/Verilog/AXI-MultiDMA-Ultra96V2/src/bd/Accumulator_MultiDMA_bd/ipshared/66ea/hdl/axi_lite_ipif_v3_0_vh_rfs.vhd:1534]
	Parameter C_AB bound to: 2 - type: integer 
	Parameter C_AW bound to: 2 - type: integer 
	Parameter C_BAR bound to: 2'b01 
	Parameter C_FAMILY bound to: nofamily - type: string 
INFO: [Synth 8-256] done synthesizing module 'pselect_f__parameterized0' (1#1) [/home/yuhaoliu/Projects/Verilog/AXI-MultiDMA-Ultra96V2/src/bd/Accumulator_MultiDMA_bd/ipshared/66ea/hdl/axi_lite_ipif_v3_0_vh_rfs.vhd:1534]
INFO: [Synth 8-638] synthesizing module 'pselect_f__parameterized1' [/home/yuhaoliu/Projects/Verilog/AXI-MultiDMA-Ultra96V2/src/bd/Accumulator_MultiDMA_bd/ipshared/66ea/hdl/axi_lite_ipif_v3_0_vh_rfs.vhd:1534]
	Parameter C_AB bound to: 2 - type: integer 
	Parameter C_AW bound to: 2 - type: integer 
	Parameter C_BAR bound to: 2'b10 
	Parameter C_FAMILY bound to: nofamily - type: string 
INFO: [Synth 8-256] done synthesizing module 'pselect_f__parameterized1' (1#1) [/home/yuhaoliu/Projects/Verilog/AXI-MultiDMA-Ultra96V2/src/bd/Accumulator_MultiDMA_bd/ipshared/66ea/hdl/axi_lite_ipif_v3_0_vh_rfs.vhd:1534]
INFO: [Synth 8-638] synthesizing module 'pselect_f__parameterized2' [/home/yuhaoliu/Projects/Verilog/AXI-MultiDMA-Ultra96V2/src/bd/Accumulator_MultiDMA_bd/ipshared/66ea/hdl/axi_lite_ipif_v3_0_vh_rfs.vhd:1534]
	Parameter C_AB bound to: 2 - type: integer 
	Parameter C_AW bound to: 2 - type: integer 
	Parameter C_BAR bound to: 2'b11 
	Parameter C_FAMILY bound to: nofamily - type: string 
INFO: [Synth 8-256] done synthesizing module 'pselect_f__parameterized2' (1#1) [/home/yuhaoliu/Projects/Verilog/AXI-MultiDMA-Ultra96V2/src/bd/Accumulator_MultiDMA_bd/ipshared/66ea/hdl/axi_lite_ipif_v3_0_vh_rfs.vhd:1534]
INFO: [Synth 8-256] done synthesizing module 'address_decoder' (2#1) [/home/yuhaoliu/Projects/Verilog/AXI-MultiDMA-Ultra96V2/src/bd/Accumulator_MultiDMA_bd/ipshared/66ea/hdl/axi_lite_ipif_v3_0_vh_rfs.vhd:1775]
INFO: [Synth 8-226] default block is never used [/home/yuhaoliu/Projects/Verilog/AXI-MultiDMA-Ultra96V2/src/bd/Accumulator_MultiDMA_bd/ipshared/66ea/hdl/axi_lite_ipif_v3_0_vh_rfs.vhd:2550]
INFO: [Synth 8-256] done synthesizing module 'slave_attachment' (3#1) [/home/yuhaoliu/Projects/Verilog/AXI-MultiDMA-Ultra96V2/src/bd/Accumulator_MultiDMA_bd/ipshared/66ea/hdl/axi_lite_ipif_v3_0_vh_rfs.vhd:2341]
INFO: [Synth 8-256] done synthesizing module 'axi_lite_ipif' (4#1) [/home/yuhaoliu/Projects/Verilog/AXI-MultiDMA-Ultra96V2/src/bd/Accumulator_MultiDMA_bd/ipshared/66ea/hdl/axi_lite_ipif_v3_0_vh_rfs.vhd:2948]
INFO: [Synth 8-638] synthesizing module 'GPIO_Core' [/home/yuhaoliu/Projects/Verilog/AXI-MultiDMA-Ultra96V2/src/bd/Accumulator_MultiDMA_bd/ipshared/4318/hdl/axi_gpio_v2_0_vh_rfs.vhd:178]
	Parameter C_DW bound to: 32 - type: integer 
	Parameter C_AW bound to: 9 - type: integer 
	Parameter C_GPIO_WIDTH bound to: 32 - type: integer 
	Parameter C_GPIO2_WIDTH bound to: 32 - type: integer 
	Parameter C_MAX_GPIO_WIDTH bound to: 32 - type: integer 
	Parameter C_INTERRUPT_PRESENT bound to: 0 - type: integer 
	Parameter C_DOUT_DEFAULT bound to: 0 - type: integer 
	Parameter C_TRI_DEFAULT bound to: -1 - type: integer 
	Parameter C_IS_DUAL bound to: 0 - type: integer 
	Parameter C_ALL_OUTPUTS bound to: 0 - type: integer 
	Parameter C_ALL_OUTPUTS_2 bound to: 0 - type: integer 
	Parameter C_ALL_INPUTS bound to: 1 - type: integer 
	Parameter C_ALL_INPUTS_2 bound to: 0 - type: integer 
	Parameter C_DOUT_DEFAULT_2 bound to: 0 - type: integer 
	Parameter C_TRI_DEFAULT_2 bound to: -1 - type: integer 
	Parameter C_FAMILY bound to: zynquplus - type: string 
INFO: [Synth 8-226] default block is never used [/home/yuhaoliu/Projects/Verilog/AXI-MultiDMA-Ultra96V2/src/bd/Accumulator_MultiDMA_bd/ipshared/4318/hdl/axi_gpio_v2_0_vh_rfs.vhd:443]
INFO: [Synth 8-638] synthesizing module 'cdc_sync' [/home/yuhaoliu/Projects/Verilog/AXI-MultiDMA-Ultra96V2/src/bd/Accumulator_MultiDMA_bd/ipshared/ef1e/hdl/lib_cdc_v1_0_rfs.vhd:106]
	Parameter C_CDC_TYPE bound to: 1 - type: integer 
	Parameter C_RESET_STATE bound to: 0 - type: integer 
	Parameter C_SINGLE_BIT bound to: 0 - type: integer 
	Parameter C_FLOP_INPUT bound to: 0 - type: integer 
	Parameter C_VECTOR_WIDTH bound to: 32 - type: integer 
	Parameter C_MTBF_STAGES bound to: 4 - type: integer 
	Parameter INIT bound to: 1'b0 
INFO: [Synth 8-113] binding component instance 'CROSS2_PLEVEL_IN2SCNDRY_IN_cdc_to' to cell 'FDR' [/home/yuhaoliu/Projects/Verilog/AXI-MultiDMA-Ultra96V2/src/bd/Accumulator_MultiDMA_bd/ipshared/ef1e/hdl/lib_cdc_v1_0_rfs.vhd:736]
	Parameter INIT bound to: 1'b0 
INFO: [Synth 8-113] binding component instance 'CROSS2_PLEVEL_IN2SCNDRY_IN_cdc_to' to cell 'FDR' [/home/yuhaoliu/Projects/Verilog/AXI-MultiDMA-Ultra96V2/src/bd/Accumulator_MultiDMA_bd/ipshared/ef1e/hdl/lib_cdc_v1_0_rfs.vhd:736]
	Parameter INIT bound to: 1'b0 
INFO: [Synth 8-113] binding component instance 'CROSS2_PLEVEL_IN2SCNDRY_IN_cdc_to' to cell 'FDR' [/home/yuhaoliu/Projects/Verilog/AXI-MultiDMA-Ultra96V2/src/bd/Accumulator_MultiDMA_bd/ipshared/ef1e/hdl/lib_cdc_v1_0_rfs.vhd:736]
	Parameter INIT bound to: 1'b0 
INFO: [Synth 8-113] binding component instance 'CROSS2_PLEVEL_IN2SCNDRY_IN_cdc_to' to cell 'FDR' [/home/yuhaoliu/Projects/Verilog/AXI-MultiDMA-Ultra96V2/src/bd/Accumulator_MultiDMA_bd/ipshared/ef1e/hdl/lib_cdc_v1_0_rfs.vhd:736]
	Parameter INIT bound to: 1'b0 
INFO: [Synth 8-113] binding component instance 'CROSS2_PLEVEL_IN2SCNDRY_IN_cdc_to' to cell 'FDR' [/home/yuhaoliu/Projects/Verilog/AXI-MultiDMA-Ultra96V2/src/bd/Accumulator_MultiDMA_bd/ipshared/ef1e/hdl/lib_cdc_v1_0_rfs.vhd:736]
	Parameter INIT bound to: 1'b0 
INFO: [Synth 8-113] binding component instance 'CROSS2_PLEVEL_IN2SCNDRY_IN_cdc_to' to cell 'FDR' [/home/yuhaoliu/Projects/Verilog/AXI-MultiDMA-Ultra96V2/src/bd/Accumulator_MultiDMA_bd/ipshared/ef1e/hdl/lib_cdc_v1_0_rfs.vhd:736]
	Parameter INIT bound to: 1'b0 
INFO: [Synth 8-113] binding component instance 'CROSS2_PLEVEL_IN2SCNDRY_IN_cdc_to' to cell 'FDR' [/home/yuhaoliu/Projects/Verilog/AXI-MultiDMA-Ultra96V2/src/bd/Accumulator_MultiDMA_bd/ipshared/ef1e/hdl/lib_cdc_v1_0_rfs.vhd:736]
	Parameter INIT bound to: 1'b0 
INFO: [Synth 8-113] binding component instance 'CROSS2_PLEVEL_IN2SCNDRY_IN_cdc_to' to cell 'FDR' [/home/yuhaoliu/Projects/Verilog/AXI-MultiDMA-Ultra96V2/src/bd/Accumulator_MultiDMA_bd/ipshared/ef1e/hdl/lib_cdc_v1_0_rfs.vhd:736]
	Parameter INIT bound to: 1'b0 
INFO: [Synth 8-113] binding component instance 'CROSS2_PLEVEL_IN2SCNDRY_IN_cdc_to' to cell 'FDR' [/home/yuhaoliu/Projects/Verilog/AXI-MultiDMA-Ultra96V2/src/bd/Accumulator_MultiDMA_bd/ipshared/ef1e/hdl/lib_cdc_v1_0_rfs.vhd:736]
	Parameter INIT bound to: 1'b0 
INFO: [Synth 8-113] binding component instance 'CROSS2_PLEVEL_IN2SCNDRY_IN_cdc_to' to cell 'FDR' [/home/yuhaoliu/Projects/Verilog/AXI-MultiDMA-Ultra96V2/src/bd/Accumulator_MultiDMA_bd/ipshared/ef1e/hdl/lib_cdc_v1_0_rfs.vhd:736]
	Parameter INIT bound to: 1'b0 
INFO: [Synth 8-113] binding component instance 'CROSS2_PLEVEL_IN2SCNDRY_IN_cdc_to' to cell 'FDR' [/home/yuhaoliu/Projects/Verilog/AXI-MultiDMA-Ultra96V2/src/bd/Accumulator_MultiDMA_bd/ipshared/ef1e/hdl/lib_cdc_v1_0_rfs.vhd:736]
	Parameter INIT bound to: 1'b0 
INFO: [Synth 8-113] binding component instance 'CROSS2_PLEVEL_IN2SCNDRY_IN_cdc_to' to cell 'FDR' [/home/yuhaoliu/Projects/Verilog/AXI-MultiDMA-Ultra96V2/src/bd/Accumulator_MultiDMA_bd/ipshared/ef1e/hdl/lib_cdc_v1_0_rfs.vhd:736]
	Parameter INIT bound to: 1'b0 
INFO: [Synth 8-113] binding component instance 'CROSS2_PLEVEL_IN2SCNDRY_IN_cdc_to' to cell 'FDR' [/home/yuhaoliu/Projects/Verilog/AXI-MultiDMA-Ultra96V2/src/bd/Accumulator_MultiDMA_bd/ipshared/ef1e/hdl/lib_cdc_v1_0_rfs.vhd:736]
	Parameter INIT bound to: 1'b0 
INFO: [Synth 8-113] binding component instance 'CROSS2_PLEVEL_IN2SCNDRY_IN_cdc_to' to cell 'FDR' [/home/yuhaoliu/Projects/Verilog/AXI-MultiDMA-Ultra96V2/src/bd/Accumulator_MultiDMA_bd/ipshared/ef1e/hdl/lib_cdc_v1_0_rfs.vhd:736]
	Parameter INIT bound to: 1'b0 
INFO: [Synth 8-113] binding component instance 'CROSS2_PLEVEL_IN2SCNDRY_IN_cdc_to' to cell 'FDR' [/home/yuhaoliu/Projects/Verilog/AXI-MultiDMA-Ultra96V2/src/bd/Accumulator_MultiDMA_bd/ipshared/ef1e/hdl/lib_cdc_v1_0_rfs.vhd:736]
	Parameter INIT bound to: 1'b0 
INFO: [Synth 8-113] binding component instance 'CROSS2_PLEVEL_IN2SCNDRY_IN_cdc_to' to cell 'FDR' [/home/yuhaoliu/Projects/Verilog/AXI-MultiDMA-Ultra96V2/src/bd/Accumulator_MultiDMA_bd/ipshared/ef1e/hdl/lib_cdc_v1_0_rfs.vhd:736]
	Parameter INIT bound to: 1'b0 
INFO: [Synth 8-113] binding component instance 'CROSS2_PLEVEL_IN2SCNDRY_IN_cdc_to' to cell 'FDR' [/home/yuhaoliu/Projects/Verilog/AXI-MultiDMA-Ultra96V2/src/bd/Accumulator_MultiDMA_bd/ipshared/ef1e/hdl/lib_cdc_v1_0_rfs.vhd:736]
	Parameter INIT bound to: 1'b0 
INFO: [Synth 8-113] binding component instance 'CROSS2_PLEVEL_IN2SCNDRY_IN_cdc_to' to cell 'FDR' [/home/yuhaoliu/Projects/Verilog/AXI-MultiDMA-Ultra96V2/src/bd/Accumulator_MultiDMA_bd/ipshared/ef1e/hdl/lib_cdc_v1_0_rfs.vhd:736]
	Parameter INIT bound to: 1'b0 
INFO: [Synth 8-113] binding component instance 'CROSS2_PLEVEL_IN2SCNDRY_IN_cdc_to' to cell 'FDR' [/home/yuhaoliu/Projects/Verilog/AXI-MultiDMA-Ultra96V2/src/bd/Accumulator_MultiDMA_bd/ipshared/ef1e/hdl/lib_cdc_v1_0_rfs.vhd:736]
	Parameter INIT bound to: 1'b0 
INFO: [Synth 8-113] binding component instance 'CROSS2_PLEVEL_IN2SCNDRY_IN_cdc_to' to cell 'FDR' [/home/yuhaoliu/Projects/Verilog/AXI-MultiDMA-Ultra96V2/src/bd/Accumulator_MultiDMA_bd/ipshared/ef1e/hdl/lib_cdc_v1_0_rfs.vhd:736]
	Parameter INIT bound to: 1'b0 
INFO: [Synth 8-113] binding component instance 'CROSS2_PLEVEL_IN2SCNDRY_IN_cdc_to' to cell 'FDR' [/home/yuhaoliu/Projects/Verilog/AXI-MultiDMA-Ultra96V2/src/bd/Accumulator_MultiDMA_bd/ipshared/ef1e/hdl/lib_cdc_v1_0_rfs.vhd:736]
	Parameter INIT bound to: 1'b0 
INFO: [Synth 8-113] binding component instance 'CROSS2_PLEVEL_IN2SCNDRY_IN_cdc_to' to cell 'FDR' [/home/yuhaoliu/Projects/Verilog/AXI-MultiDMA-Ultra96V2/src/bd/Accumulator_MultiDMA_bd/ipshared/ef1e/hdl/lib_cdc_v1_0_rfs.vhd:736]
	Parameter INIT bound to: 1'b0 
INFO: [Synth 8-113] binding component instance 'CROSS2_PLEVEL_IN2SCNDRY_IN_cdc_to' to cell 'FDR' [/home/yuhaoliu/Projects/Verilog/AXI-MultiDMA-Ultra96V2/src/bd/Accumulator_MultiDMA_bd/ipshared/ef1e/hdl/lib_cdc_v1_0_rfs.vhd:736]
	Parameter INIT bound to: 1'b0 
INFO: [Synth 8-113] binding component instance 'CROSS2_PLEVEL_IN2SCNDRY_IN_cdc_to' to cell 'FDR' [/home/yuhaoliu/Projects/Verilog/AXI-MultiDMA-Ultra96V2/src/bd/Accumulator_MultiDMA_bd/ipshared/ef1e/hdl/lib_cdc_v1_0_rfs.vhd:736]
	Parameter INIT bound to: 1'b0 
INFO: [Synth 8-113] binding component instance 'CROSS2_PLEVEL_IN2SCNDRY_IN_cdc_to' to cell 'FDR' [/home/yuhaoliu/Projects/Verilog/AXI-MultiDMA-Ultra96V2/src/bd/Accumulator_MultiDMA_bd/ipshared/ef1e/hdl/lib_cdc_v1_0_rfs.vhd:736]
	Parameter INIT bound to: 1'b0 
INFO: [Synth 8-113] binding component instance 'CROSS2_PLEVEL_IN2SCNDRY_IN_cdc_to' to cell 'FDR' [/home/yuhaoliu/Projects/Verilog/AXI-MultiDMA-Ultra96V2/src/bd/Accumulator_MultiDMA_bd/ipshared/ef1e/hdl/lib_cdc_v1_0_rfs.vhd:736]
	Parameter INIT bound to: 1'b0 
INFO: [Synth 8-113] binding component instance 'CROSS2_PLEVEL_IN2SCNDRY_IN_cdc_to' to cell 'FDR' [/home/yuhaoliu/Projects/Verilog/AXI-MultiDMA-Ultra96V2/src/bd/Accumulator_MultiDMA_bd/ipshared/ef1e/hdl/lib_cdc_v1_0_rfs.vhd:736]
	Parameter INIT bound to: 1'b0 
INFO: [Synth 8-113] binding component instance 'CROSS2_PLEVEL_IN2SCNDRY_IN_cdc_to' to cell 'FDR' [/home/yuhaoliu/Projects/Verilog/AXI-MultiDMA-Ultra96V2/src/bd/Accumulator_MultiDMA_bd/ipshared/ef1e/hdl/lib_cdc_v1_0_rfs.vhd:736]
	Parameter INIT bound to: 1'b0 
INFO: [Synth 8-113] binding component instance 'CROSS2_PLEVEL_IN2SCNDRY_IN_cdc_to' to cell 'FDR' [/home/yuhaoliu/Projects/Verilog/AXI-MultiDMA-Ultra96V2/src/bd/Accumulator_MultiDMA_bd/ipshared/ef1e/hdl/lib_cdc_v1_0_rfs.vhd:736]
	Parameter INIT bound to: 1'b0 
INFO: [Synth 8-113] binding component instance 'CROSS2_PLEVEL_IN2SCNDRY_IN_cdc_to' to cell 'FDR' [/home/yuhaoliu/Projects/Verilog/AXI-MultiDMA-Ultra96V2/src/bd/Accumulator_MultiDMA_bd/ipshared/ef1e/hdl/lib_cdc_v1_0_rfs.vhd:736]
	Parameter INIT bound to: 1'b0 
INFO: [Synth 8-113] binding component instance 'CROSS2_PLEVEL_IN2SCNDRY_IN_cdc_to' to cell 'FDR' [/home/yuhaoliu/Projects/Verilog/AXI-MultiDMA-Ultra96V2/src/bd/Accumulator_MultiDMA_bd/ipshared/ef1e/hdl/lib_cdc_v1_0_rfs.vhd:736]
	Parameter INIT bound to: 1'b0 
INFO: [Synth 8-113] binding component instance 'CROSS2_PLEVEL_IN2SCNDRY_IN_cdc_to' to cell 'FDR' [/home/yuhaoliu/Projects/Verilog/AXI-MultiDMA-Ultra96V2/src/bd/Accumulator_MultiDMA_bd/ipshared/ef1e/hdl/lib_cdc_v1_0_rfs.vhd:736]
	Parameter INIT bound to: 1'b0 
INFO: [Synth 8-113] binding component instance 'CROSS2_PLEVEL_IN2SCNDRY_s_level_out_bus_d2' to cell 'FDR' [/home/yuhaoliu/Projects/Verilog/AXI-MultiDMA-Ultra96V2/src/bd/Accumulator_MultiDMA_bd/ipshared/ef1e/hdl/lib_cdc_v1_0_rfs.vhd:772]
	Parameter INIT bound to: 1'b0 
INFO: [Synth 8-113] binding component instance 'CROSS2_PLEVEL_IN2SCNDRY_s_level_out_bus_d2' to cell 'FDR' [/home/yuhaoliu/Projects/Verilog/AXI-MultiDMA-Ultra96V2/src/bd/Accumulator_MultiDMA_bd/ipshared/ef1e/hdl/lib_cdc_v1_0_rfs.vhd:772]
	Parameter INIT bound to: 1'b0 
INFO: [Synth 8-113] binding component instance 'CROSS2_PLEVEL_IN2SCNDRY_s_level_out_bus_d2' to cell 'FDR' [/home/yuhaoliu/Projects/Verilog/AXI-MultiDMA-Ultra96V2/src/bd/Accumulator_MultiDMA_bd/ipshared/ef1e/hdl/lib_cdc_v1_0_rfs.vhd:772]
	Parameter INIT bound to: 1'b0 
INFO: [Synth 8-113] binding component instance 'CROSS2_PLEVEL_IN2SCNDRY_s_level_out_bus_d2' to cell 'FDR' [/home/yuhaoliu/Projects/Verilog/AXI-MultiDMA-Ultra96V2/src/bd/Accumulator_MultiDMA_bd/ipshared/ef1e/hdl/lib_cdc_v1_0_rfs.vhd:772]
	Parameter INIT bound to: 1'b0 
INFO: [Synth 8-113] binding component instance 'CROSS2_PLEVEL_IN2SCNDRY_s_level_out_bus_d2' to cell 'FDR' [/home/yuhaoliu/Projects/Verilog/AXI-MultiDMA-Ultra96V2/src/bd/Accumulator_MultiDMA_bd/ipshared/ef1e/hdl/lib_cdc_v1_0_rfs.vhd:772]
	Parameter INIT bound to: 1'b0 
INFO: [Synth 8-113] binding component instance 'CROSS2_PLEVEL_IN2SCNDRY_s_level_out_bus_d2' to cell 'FDR' [/home/yuhaoliu/Projects/Verilog/AXI-MultiDMA-Ultra96V2/src/bd/Accumulator_MultiDMA_bd/ipshared/ef1e/hdl/lib_cdc_v1_0_rfs.vhd:772]
	Parameter INIT bound to: 1'b0 
INFO: [Synth 8-113] binding component instance 'CROSS2_PLEVEL_IN2SCNDRY_s_level_out_bus_d2' to cell 'FDR' [/home/yuhaoliu/Projects/Verilog/AXI-MultiDMA-Ultra96V2/src/bd/Accumulator_MultiDMA_bd/ipshared/ef1e/hdl/lib_cdc_v1_0_rfs.vhd:772]
	Parameter INIT bound to: 1'b0 
INFO: [Synth 8-113] binding component instance 'CROSS2_PLEVEL_IN2SCNDRY_s_level_out_bus_d2' to cell 'FDR' [/home/yuhaoliu/Projects/Verilog/AXI-MultiDMA-Ultra96V2/src/bd/Accumulator_MultiDMA_bd/ipshared/ef1e/hdl/lib_cdc_v1_0_rfs.vhd:772]
	Parameter INIT bound to: 1'b0 
INFO: [Synth 8-113] binding component instance 'CROSS2_PLEVEL_IN2SCNDRY_s_level_out_bus_d2' to cell 'FDR' [/home/yuhaoliu/Projects/Verilog/AXI-MultiDMA-Ultra96V2/src/bd/Accumulator_MultiDMA_bd/ipshared/ef1e/hdl/lib_cdc_v1_0_rfs.vhd:772]
	Parameter INIT bound to: 1'b0 
INFO: [Synth 8-113] binding component instance 'CROSS2_PLEVEL_IN2SCNDRY_s_level_out_bus_d2' to cell 'FDR' [/home/yuhaoliu/Projects/Verilog/AXI-MultiDMA-Ultra96V2/src/bd/Accumulator_MultiDMA_bd/ipshared/ef1e/hdl/lib_cdc_v1_0_rfs.vhd:772]
	Parameter INIT bound to: 1'b0 
INFO: [Synth 8-113] binding component instance 'CROSS2_PLEVEL_IN2SCNDRY_s_level_out_bus_d2' to cell 'FDR' [/home/yuhaoliu/Projects/Verilog/AXI-MultiDMA-Ultra96V2/src/bd/Accumulator_MultiDMA_bd/ipshared/ef1e/hdl/lib_cdc_v1_0_rfs.vhd:772]
	Parameter INIT bound to: 1'b0 
INFO: [Synth 8-113] binding component instance 'CROSS2_PLEVEL_IN2SCNDRY_s_level_out_bus_d2' to cell 'FDR' [/home/yuhaoliu/Projects/Verilog/AXI-MultiDMA-Ultra96V2/src/bd/Accumulator_MultiDMA_bd/ipshared/ef1e/hdl/lib_cdc_v1_0_rfs.vhd:772]
	Parameter INIT bound to: 1'b0 
INFO: [Synth 8-113] binding component instance 'CROSS2_PLEVEL_IN2SCNDRY_s_level_out_bus_d2' to cell 'FDR' [/home/yuhaoliu/Projects/Verilog/AXI-MultiDMA-Ultra96V2/src/bd/Accumulator_MultiDMA_bd/ipshared/ef1e/hdl/lib_cdc_v1_0_rfs.vhd:772]
	Parameter INIT bound to: 1'b0 
INFO: [Synth 8-113] binding component instance 'CROSS2_PLEVEL_IN2SCNDRY_s_level_out_bus_d2' to cell 'FDR' [/home/yuhaoliu/Projects/Verilog/AXI-MultiDMA-Ultra96V2/src/bd/Accumulator_MultiDMA_bd/ipshared/ef1e/hdl/lib_cdc_v1_0_rfs.vhd:772]
	Parameter INIT bound to: 1'b0 
INFO: [Synth 8-113] binding component instance 'CROSS2_PLEVEL_IN2SCNDRY_s_level_out_bus_d2' to cell 'FDR' [/home/yuhaoliu/Projects/Verilog/AXI-MultiDMA-Ultra96V2/src/bd/Accumulator_MultiDMA_bd/ipshared/ef1e/hdl/lib_cdc_v1_0_rfs.vhd:772]
	Parameter INIT bound to: 1'b0 
INFO: [Synth 8-113] binding component instance 'CROSS2_PLEVEL_IN2SCNDRY_s_level_out_bus_d2' to cell 'FDR' [/home/yuhaoliu/Projects/Verilog/AXI-MultiDMA-Ultra96V2/src/bd/Accumulator_MultiDMA_bd/ipshared/ef1e/hdl/lib_cdc_v1_0_rfs.vhd:772]
	Parameter INIT bound to: 1'b0 
INFO: [Synth 8-113] binding component instance 'CROSS2_PLEVEL_IN2SCNDRY_s_level_out_bus_d2' to cell 'FDR' [/home/yuhaoliu/Projects/Verilog/AXI-MultiDMA-Ultra96V2/src/bd/Accumulator_MultiDMA_bd/ipshared/ef1e/hdl/lib_cdc_v1_0_rfs.vhd:772]
	Parameter INIT bound to: 1'b0 
INFO: [Synth 8-113] binding component instance 'CROSS2_PLEVEL_IN2SCNDRY_s_level_out_bus_d2' to cell 'FDR' [/home/yuhaoliu/Projects/Verilog/AXI-MultiDMA-Ultra96V2/src/bd/Accumulator_MultiDMA_bd/ipshared/ef1e/hdl/lib_cdc_v1_0_rfs.vhd:772]
	Parameter INIT bound to: 1'b0 
INFO: [Synth 8-113] binding component instance 'CROSS2_PLEVEL_IN2SCNDRY_s_level_out_bus_d2' to cell 'FDR' [/home/yuhaoliu/Projects/Verilog/AXI-MultiDMA-Ultra96V2/src/bd/Accumulator_MultiDMA_bd/ipshared/ef1e/hdl/lib_cdc_v1_0_rfs.vhd:772]
	Parameter INIT bound to: 1'b0 
INFO: [Synth 8-113] binding component instance 'CROSS2_PLEVEL_IN2SCNDRY_s_level_out_bus_d2' to cell 'FDR' [/home/yuhaoliu/Projects/Verilog/AXI-MultiDMA-Ultra96V2/src/bd/Accumulator_MultiDMA_bd/ipshared/ef1e/hdl/lib_cdc_v1_0_rfs.vhd:772]
	Parameter INIT bound to: 1'b0 
INFO: [Synth 8-113] binding component instance 'CROSS2_PLEVEL_IN2SCNDRY_s_level_out_bus_d2' to cell 'FDR' [/home/yuhaoliu/Projects/Verilog/AXI-MultiDMA-Ultra96V2/src/bd/Accumulator_MultiDMA_bd/ipshared/ef1e/hdl/lib_cdc_v1_0_rfs.vhd:772]
	Parameter INIT bound to: 1'b0 
INFO: [Synth 8-113] binding component instance 'CROSS2_PLEVEL_IN2SCNDRY_s_level_out_bus_d2' to cell 'FDR' [/home/yuhaoliu/Projects/Verilog/AXI-MultiDMA-Ultra96V2/src/bd/Accumulator_MultiDMA_bd/ipshared/ef1e/hdl/lib_cdc_v1_0_rfs.vhd:772]
	Parameter INIT bound to: 1'b0 
INFO: [Synth 8-113] binding component instance 'CROSS2_PLEVEL_IN2SCNDRY_s_level_out_bus_d2' to cell 'FDR' [/home/yuhaoliu/Projects/Verilog/AXI-MultiDMA-Ultra96V2/src/bd/Accumulator_MultiDMA_bd/ipshared/ef1e/hdl/lib_cdc_v1_0_rfs.vhd:772]
	Parameter INIT bound to: 1'b0 
INFO: [Synth 8-113] binding component instance 'CROSS2_PLEVEL_IN2SCNDRY_s_level_out_bus_d2' to cell 'FDR' [/home/yuhaoliu/Projects/Verilog/AXI-MultiDMA-Ultra96V2/src/bd/Accumulator_MultiDMA_bd/ipshared/ef1e/hdl/lib_cdc_v1_0_rfs.vhd:772]
	Parameter INIT bound to: 1'b0 
INFO: [Synth 8-113] binding component instance 'CROSS2_PLEVEL_IN2SCNDRY_s_level_out_bus_d2' to cell 'FDR' [/home/yuhaoliu/Projects/Verilog/AXI-MultiDMA-Ultra96V2/src/bd/Accumulator_MultiDMA_bd/ipshared/ef1e/hdl/lib_cdc_v1_0_rfs.vhd:772]
	Parameter INIT bound to: 1'b0 
INFO: [Synth 8-113] binding component instance 'CROSS2_PLEVEL_IN2SCNDRY_s_level_out_bus_d2' to cell 'FDR' [/home/yuhaoliu/Projects/Verilog/AXI-MultiDMA-Ultra96V2/src/bd/Accumulator_MultiDMA_bd/ipshared/ef1e/hdl/lib_cdc_v1_0_rfs.vhd:772]
	Parameter INIT bound to: 1'b0 
INFO: [Synth 8-113] binding component instance 'CROSS2_PLEVEL_IN2SCNDRY_s_level_out_bus_d2' to cell 'FDR' [/home/yuhaoliu/Projects/Verilog/AXI-MultiDMA-Ultra96V2/src/bd/Accumulator_MultiDMA_bd/ipshared/ef1e/hdl/lib_cdc_v1_0_rfs.vhd:772]
	Parameter INIT bound to: 1'b0 
INFO: [Synth 8-113] binding component instance 'CROSS2_PLEVEL_IN2SCNDRY_s_level_out_bus_d2' to cell 'FDR' [/home/yuhaoliu/Projects/Verilog/AXI-MultiDMA-Ultra96V2/src/bd/Accumulator_MultiDMA_bd/ipshared/ef1e/hdl/lib_cdc_v1_0_rfs.vhd:772]
	Parameter INIT bound to: 1'b0 
INFO: [Synth 8-113] binding component instance 'CROSS2_PLEVEL_IN2SCNDRY_s_level_out_bus_d2' to cell 'FDR' [/home/yuhaoliu/Projects/Verilog/AXI-MultiDMA-Ultra96V2/src/bd/Accumulator_MultiDMA_bd/ipshared/ef1e/hdl/lib_cdc_v1_0_rfs.vhd:772]
	Parameter INIT bound to: 1'b0 
INFO: [Synth 8-113] binding component instance 'CROSS2_PLEVEL_IN2SCNDRY_s_level_out_bus_d2' to cell 'FDR' [/home/yuhaoliu/Projects/Verilog/AXI-MultiDMA-Ultra96V2/src/bd/Accumulator_MultiDMA_bd/ipshared/ef1e/hdl/lib_cdc_v1_0_rfs.vhd:772]
	Parameter INIT bound to: 1'b0 
INFO: [Synth 8-113] binding component instance 'CROSS2_PLEVEL_IN2SCNDRY_s_level_out_bus_d2' to cell 'FDR' [/home/yuhaoliu/Projects/Verilog/AXI-MultiDMA-Ultra96V2/src/bd/Accumulator_MultiDMA_bd/ipshared/ef1e/hdl/lib_cdc_v1_0_rfs.vhd:772]
	Parameter INIT bound to: 1'b0 
INFO: [Synth 8-113] binding component instance 'CROSS2_PLEVEL_IN2SCNDRY_s_level_out_bus_d2' to cell 'FDR' [/home/yuhaoliu/Projects/Verilog/AXI-MultiDMA-Ultra96V2/src/bd/Accumulator_MultiDMA_bd/ipshared/ef1e/hdl/lib_cdc_v1_0_rfs.vhd:772]
	Parameter INIT bound to: 1'b0 
INFO: [Synth 8-113] binding component instance 'CROSS2_PLEVEL_IN2SCNDRY_s_level_out_bus_d3' to cell 'FDR' [/home/yuhaoliu/Projects/Verilog/AXI-MultiDMA-Ultra96V2/src/bd/Accumulator_MultiDMA_bd/ipshared/ef1e/hdl/lib_cdc_v1_0_rfs.vhd:788]
	Parameter INIT bound to: 1'b0 
INFO: [Synth 8-113] binding component instance 'CROSS2_PLEVEL_IN2SCNDRY_s_level_out_bus_d3' to cell 'FDR' [/home/yuhaoliu/Projects/Verilog/AXI-MultiDMA-Ultra96V2/src/bd/Accumulator_MultiDMA_bd/ipshared/ef1e/hdl/lib_cdc_v1_0_rfs.vhd:788]
	Parameter INIT bound to: 1'b0 
INFO: [Synth 8-113] binding component instance 'CROSS2_PLEVEL_IN2SCNDRY_s_level_out_bus_d3' to cell 'FDR' [/home/yuhaoliu/Projects/Verilog/AXI-MultiDMA-Ultra96V2/src/bd/Accumulator_MultiDMA_bd/ipshared/ef1e/hdl/lib_cdc_v1_0_rfs.vhd:788]
	Parameter INIT bound to: 1'b0 
INFO: [Synth 8-113] binding component instance 'CROSS2_PLEVEL_IN2SCNDRY_s_level_out_bus_d3' to cell 'FDR' [/home/yuhaoliu/Projects/Verilog/AXI-MultiDMA-Ultra96V2/src/bd/Accumulator_MultiDMA_bd/ipshared/ef1e/hdl/lib_cdc_v1_0_rfs.vhd:788]
	Parameter INIT bound to: 1'b0 
INFO: [Synth 8-113] binding component instance 'CROSS2_PLEVEL_IN2SCNDRY_s_level_out_bus_d3' to cell 'FDR' [/home/yuhaoliu/Projects/Verilog/AXI-MultiDMA-Ultra96V2/src/bd/Accumulator_MultiDMA_bd/ipshared/ef1e/hdl/lib_cdc_v1_0_rfs.vhd:788]
	Parameter INIT bound to: 1'b0 
INFO: [Synth 8-113] binding component instance 'CROSS2_PLEVEL_IN2SCNDRY_s_level_out_bus_d3' to cell 'FDR' [/home/yuhaoliu/Projects/Verilog/AXI-MultiDMA-Ultra96V2/src/bd/Accumulator_MultiDMA_bd/ipshared/ef1e/hdl/lib_cdc_v1_0_rfs.vhd:788]
	Parameter INIT bound to: 1'b0 
INFO: [Synth 8-113] binding component instance 'CROSS2_PLEVEL_IN2SCNDRY_s_level_out_bus_d3' to cell 'FDR' [/home/yuhaoliu/Projects/Verilog/AXI-MultiDMA-Ultra96V2/src/bd/Accumulator_MultiDMA_bd/ipshared/ef1e/hdl/lib_cdc_v1_0_rfs.vhd:788]
	Parameter INIT bound to: 1'b0 
INFO: [Synth 8-113] binding component instance 'CROSS2_PLEVEL_IN2SCNDRY_s_level_out_bus_d3' to cell 'FDR' [/home/yuhaoliu/Projects/Verilog/AXI-MultiDMA-Ultra96V2/src/bd/Accumulator_MultiDMA_bd/ipshared/ef1e/hdl/lib_cdc_v1_0_rfs.vhd:788]
	Parameter INIT bound to: 1'b0 
INFO: [Synth 8-113] binding component instance 'CROSS2_PLEVEL_IN2SCNDRY_s_level_out_bus_d3' to cell 'FDR' [/home/yuhaoliu/Projects/Verilog/AXI-MultiDMA-Ultra96V2/src/bd/Accumulator_MultiDMA_bd/ipshared/ef1e/hdl/lib_cdc_v1_0_rfs.vhd:788]
	Parameter INIT bound to: 1'b0 
INFO: [Synth 8-113] binding component instance 'CROSS2_PLEVEL_IN2SCNDRY_s_level_out_bus_d3' to cell 'FDR' [/home/yuhaoliu/Projects/Verilog/AXI-MultiDMA-Ultra96V2/src/bd/Accumulator_MultiDMA_bd/ipshared/ef1e/hdl/lib_cdc_v1_0_rfs.vhd:788]
	Parameter INIT bound to: 1'b0 
INFO: [Synth 8-113] binding component instance 'CROSS2_PLEVEL_IN2SCNDRY_s_level_out_bus_d3' to cell 'FDR' [/home/yuhaoliu/Projects/Verilog/AXI-MultiDMA-Ultra96V2/src/bd/Accumulator_MultiDMA_bd/ipshared/ef1e/hdl/lib_cdc_v1_0_rfs.vhd:788]
	Parameter INIT bound to: 1'b0 
INFO: [Synth 8-113] binding component instance 'CROSS2_PLEVEL_IN2SCNDRY_s_level_out_bus_d3' to cell 'FDR' [/home/yuhaoliu/Projects/Verilog/AXI-MultiDMA-Ultra96V2/src/bd/Accumulator_MultiDMA_bd/ipshared/ef1e/hdl/lib_cdc_v1_0_rfs.vhd:788]
	Parameter INIT bound to: 1'b0 
INFO: [Synth 8-113] binding component instance 'CROSS2_PLEVEL_IN2SCNDRY_s_level_out_bus_d3' to cell 'FDR' [/home/yuhaoliu/Projects/Verilog/AXI-MultiDMA-Ultra96V2/src/bd/Accumulator_MultiDMA_bd/ipshared/ef1e/hdl/lib_cdc_v1_0_rfs.vhd:788]
	Parameter INIT bound to: 1'b0 
INFO: [Synth 8-113] binding component instance 'CROSS2_PLEVEL_IN2SCNDRY_s_level_out_bus_d3' to cell 'FDR' [/home/yuhaoliu/Projects/Verilog/AXI-MultiDMA-Ultra96V2/src/bd/Accumulator_MultiDMA_bd/ipshared/ef1e/hdl/lib_cdc_v1_0_rfs.vhd:788]
	Parameter INIT bound to: 1'b0 
INFO: [Synth 8-113] binding component instance 'CROSS2_PLEVEL_IN2SCNDRY_s_level_out_bus_d3' to cell 'FDR' [/home/yuhaoliu/Projects/Verilog/AXI-MultiDMA-Ultra96V2/src/bd/Accumulator_MultiDMA_bd/ipshared/ef1e/hdl/lib_cdc_v1_0_rfs.vhd:788]
	Parameter INIT bound to: 1'b0 
INFO: [Synth 8-113] binding component instance 'CROSS2_PLEVEL_IN2SCNDRY_s_level_out_bus_d3' to cell 'FDR' [/home/yuhaoliu/Projects/Verilog/AXI-MultiDMA-Ultra96V2/src/bd/Accumulator_MultiDMA_bd/ipshared/ef1e/hdl/lib_cdc_v1_0_rfs.vhd:788]
	Parameter INIT bound to: 1'b0 
INFO: [Synth 8-113] binding component instance 'CROSS2_PLEVEL_IN2SCNDRY_s_level_out_bus_d3' to cell 'FDR' [/home/yuhaoliu/Projects/Verilog/AXI-MultiDMA-Ultra96V2/src/bd/Accumulator_MultiDMA_bd/ipshared/ef1e/hdl/lib_cdc_v1_0_rfs.vhd:788]
	Parameter INIT bound to: 1'b0 
INFO: [Synth 8-113] binding component instance 'CROSS2_PLEVEL_IN2SCNDRY_s_level_out_bus_d3' to cell 'FDR' [/home/yuhaoliu/Projects/Verilog/AXI-MultiDMA-Ultra96V2/src/bd/Accumulator_MultiDMA_bd/ipshared/ef1e/hdl/lib_cdc_v1_0_rfs.vhd:788]
	Parameter INIT bound to: 1'b0 
INFO: [Synth 8-113] binding component instance 'CROSS2_PLEVEL_IN2SCNDRY_s_level_out_bus_d3' to cell 'FDR' [/home/yuhaoliu/Projects/Verilog/AXI-MultiDMA-Ultra96V2/src/bd/Accumulator_MultiDMA_bd/ipshared/ef1e/hdl/lib_cdc_v1_0_rfs.vhd:788]
	Parameter INIT bound to: 1'b0 
INFO: [Synth 8-113] binding component instance 'CROSS2_PLEVEL_IN2SCNDRY_s_level_out_bus_d3' to cell 'FDR' [/home/yuhaoliu/Projects/Verilog/AXI-MultiDMA-Ultra96V2/src/bd/Accumulator_MultiDMA_bd/ipshared/ef1e/hdl/lib_cdc_v1_0_rfs.vhd:788]
	Parameter INIT bound to: 1'b0 
INFO: [Synth 8-113] binding component instance 'CROSS2_PLEVEL_IN2SCNDRY_s_level_out_bus_d3' to cell 'FDR' [/home/yuhaoliu/Projects/Verilog/AXI-MultiDMA-Ultra96V2/src/bd/Accumulator_MultiDMA_bd/ipshared/ef1e/hdl/lib_cdc_v1_0_rfs.vhd:788]
	Parameter INIT bound to: 1'b0 
INFO: [Synth 8-113] binding component instance 'CROSS2_PLEVEL_IN2SCNDRY_s_level_out_bus_d3' to cell 'FDR' [/home/yuhaoliu/Projects/Verilog/AXI-MultiDMA-Ultra96V2/src/bd/Accumulator_MultiDMA_bd/ipshared/ef1e/hdl/lib_cdc_v1_0_rfs.vhd:788]
	Parameter INIT bound to: 1'b0 
INFO: [Synth 8-113] binding component instance 'CROSS2_PLEVEL_IN2SCNDRY_s_level_out_bus_d3' to cell 'FDR' [/home/yuhaoliu/Projects/Verilog/AXI-MultiDMA-Ultra96V2/src/bd/Accumulator_MultiDMA_bd/ipshared/ef1e/hdl/lib_cdc_v1_0_rfs.vhd:788]
	Parameter INIT bound to: 1'b0 
INFO: [Synth 8-113] binding component instance 'CROSS2_PLEVEL_IN2SCNDRY_s_level_out_bus_d3' to cell 'FDR' [/home/yuhaoliu/Projects/Verilog/AXI-MultiDMA-Ultra96V2/src/bd/Accumulator_MultiDMA_bd/ipshared/ef1e/hdl/lib_cdc_v1_0_rfs.vhd:788]
	Parameter INIT bound to: 1'b0 
INFO: [Synth 8-113] binding component instance 'CROSS2_PLEVEL_IN2SCNDRY_s_level_out_bus_d3' to cell 'FDR' [/home/yuhaoliu/Projects/Verilog/AXI-MultiDMA-Ultra96V2/src/bd/Accumulator_MultiDMA_bd/ipshared/ef1e/hdl/lib_cdc_v1_0_rfs.vhd:788]
	Parameter INIT bound to: 1'b0 
INFO: [Synth 8-113] binding component instance 'CROSS2_PLEVEL_IN2SCNDRY_s_level_out_bus_d3' to cell 'FDR' [/home/yuhaoliu/Projects/Verilog/AXI-MultiDMA-Ultra96V2/src/bd/Accumulator_MultiDMA_bd/ipshared/ef1e/hdl/lib_cdc_v1_0_rfs.vhd:788]
	Parameter INIT bound to: 1'b0 
INFO: [Synth 8-113] binding component instance 'CROSS2_PLEVEL_IN2SCNDRY_s_level_out_bus_d3' to cell 'FDR' [/home/yuhaoliu/Projects/Verilog/AXI-MultiDMA-Ultra96V2/src/bd/Accumulator_MultiDMA_bd/ipshared/ef1e/hdl/lib_cdc_v1_0_rfs.vhd:788]
	Parameter INIT bound to: 1'b0 
INFO: [Synth 8-113] binding component instance 'CROSS2_PLEVEL_IN2SCNDRY_s_level_out_bus_d3' to cell 'FDR' [/home/yuhaoliu/Projects/Verilog/AXI-MultiDMA-Ultra96V2/src/bd/Accumulator_MultiDMA_bd/ipshared/ef1e/hdl/lib_cdc_v1_0_rfs.vhd:788]
	Parameter INIT bound to: 1'b0 
INFO: [Synth 8-113] binding component instance 'CROSS2_PLEVEL_IN2SCNDRY_s_level_out_bus_d3' to cell 'FDR' [/home/yuhaoliu/Projects/Verilog/AXI-MultiDMA-Ultra96V2/src/bd/Accumulator_MultiDMA_bd/ipshared/ef1e/hdl/lib_cdc_v1_0_rfs.vhd:788]
	Parameter INIT bound to: 1'b0 
INFO: [Synth 8-113] binding component instance 'CROSS2_PLEVEL_IN2SCNDRY_s_level_out_bus_d3' to cell 'FDR' [/home/yuhaoliu/Projects/Verilog/AXI-MultiDMA-Ultra96V2/src/bd/Accumulator_MultiDMA_bd/ipshared/ef1e/hdl/lib_cdc_v1_0_rfs.vhd:788]
	Parameter INIT bound to: 1'b0 
INFO: [Synth 8-113] binding component instance 'CROSS2_PLEVEL_IN2SCNDRY_s_level_out_bus_d3' to cell 'FDR' [/home/yuhaoliu/Projects/Verilog/AXI-MultiDMA-Ultra96V2/src/bd/Accumulator_MultiDMA_bd/ipshared/ef1e/hdl/lib_cdc_v1_0_rfs.vhd:788]
	Parameter INIT bound to: 1'b0 
INFO: [Synth 8-113] binding component instance 'CROSS2_PLEVEL_IN2SCNDRY_s_level_out_bus_d3' to cell 'FDR' [/home/yuhaoliu/Projects/Verilog/AXI-MultiDMA-Ultra96V2/src/bd/Accumulator_MultiDMA_bd/ipshared/ef1e/hdl/lib_cdc_v1_0_rfs.vhd:788]
	Parameter INIT bound to: 1'b0 
INFO: [Synth 8-113] binding component instance 'CROSS2_PLEVEL_IN2SCNDRY_s_level_out_bus_d4' to cell 'FDR' [/home/yuhaoliu/Projects/Verilog/AXI-MultiDMA-Ultra96V2/src/bd/Accumulator_MultiDMA_bd/ipshared/ef1e/hdl/lib_cdc_v1_0_rfs.vhd:804]
	Parameter INIT bound to: 1'b0 
INFO: [Synth 8-113] binding component instance 'CROSS2_PLEVEL_IN2SCNDRY_s_level_out_bus_d4' to cell 'FDR' [/home/yuhaoliu/Projects/Verilog/AXI-MultiDMA-Ultra96V2/src/bd/Accumulator_MultiDMA_bd/ipshared/ef1e/hdl/lib_cdc_v1_0_rfs.vhd:804]
	Parameter INIT bound to: 1'b0 
INFO: [Synth 8-113] binding component instance 'CROSS2_PLEVEL_IN2SCNDRY_s_level_out_bus_d4' to cell 'FDR' [/home/yuhaoliu/Projects/Verilog/AXI-MultiDMA-Ultra96V2/src/bd/Accumulator_MultiDMA_bd/ipshared/ef1e/hdl/lib_cdc_v1_0_rfs.vhd:804]
	Parameter INIT bound to: 1'b0 
INFO: [Synth 8-113] binding component instance 'CROSS2_PLEVEL_IN2SCNDRY_s_level_out_bus_d4' to cell 'FDR' [/home/yuhaoliu/Projects/Verilog/AXI-MultiDMA-Ultra96V2/src/bd/Accumulator_MultiDMA_bd/ipshared/ef1e/hdl/lib_cdc_v1_0_rfs.vhd:804]
INFO: [Common 17-14] Message 'Synth 8-113' appears 100 times and further instances of the messages will be disabled. Use the Tcl command set_msg_config to change the current settings.
	Parameter INIT bound to: 1'b0 
	Parameter INIT bound to: 1'b0 
	Parameter INIT bound to: 1'b0 
	Parameter INIT bound to: 1'b0 
	Parameter INIT bound to: 1'b0 
	Parameter INIT bound to: 1'b0 
	Parameter INIT bound to: 1'b0 
	Parameter INIT bound to: 1'b0 
	Parameter INIT bound to: 1'b0 
	Parameter INIT bound to: 1'b0 
	Parameter INIT bound to: 1'b0 
	Parameter INIT bound to: 1'b0 
	Parameter INIT bound to: 1'b0 
	Parameter INIT bound to: 1'b0 
	Parameter INIT bound to: 1'b0 
	Parameter INIT bound to: 1'b0 
	Parameter INIT bound to: 1'b0 
	Parameter INIT bound to: 1'b0 
	Parameter INIT bound to: 1'b0 
	Parameter INIT bound to: 1'b0 
	Parameter INIT bound to: 1'b0 
	Parameter INIT bound to: 1'b0 
	Parameter INIT bound to: 1'b0 
	Parameter INIT bound to: 1'b0 
	Parameter INIT bound to: 1'b0 
	Parameter INIT bound to: 1'b0 
	Parameter INIT bound to: 1'b0 
	Parameter INIT bound to: 1'b0 
	Parameter INIT bound to: 1'b0 
	Parameter INIT bound to: 1'b0 
	Parameter INIT bound to: 1'b0 
	Parameter INIT bound to: 1'b0 
	Parameter INIT bound to: 1'b0 
	Parameter INIT bound to: 1'b0 
	Parameter INIT bound to: 1'b0 
	Parameter INIT bound to: 1'b0 
	Parameter INIT bound to: 1'b0 
	Parameter INIT bound to: 1'b0 
	Parameter INIT bound to: 1'b0 
	Parameter INIT bound to: 1'b0 
	Parameter INIT bound to: 1'b0 
	Parameter INIT bound to: 1'b0 
	Parameter INIT bound to: 1'b0 
	Parameter INIT bound to: 1'b0 
	Parameter INIT bound to: 1'b0 
	Parameter INIT bound to: 1'b0 
	Parameter INIT bound to: 1'b0 
	Parameter INIT bound to: 1'b0 
	Parameter INIT bound to: 1'b0 
	Parameter INIT bound to: 1'b0 
	Parameter INIT bound to: 1'b0 
	Parameter INIT bound to: 1'b0 
	Parameter INIT bound to: 1'b0 
	Parameter INIT bound to: 1'b0 
	Parameter INIT bound to: 1'b0 
	Parameter INIT bound to: 1'b0 
	Parameter INIT bound to: 1'b0 
	Parameter INIT bound to: 1'b0 
	Parameter INIT bound to: 1'b0 
	Parameter INIT bound to: 1'b0 
	Parameter INIT bound to: 1'b0 
	Parameter INIT bound to: 1'b0 
	Parameter INIT bound to: 1'b0 
	Parameter INIT bound to: 1'b0 
	Parameter INIT bound to: 1'b0 
	Parameter INIT bound to: 1'b0 
	Parameter INIT bound to: 1'b0 
	Parameter INIT bound to: 1'b0 
	Parameter INIT bound to: 1'b0 
	Parameter INIT bound to: 1'b0 
	Parameter INIT bound to: 1'b0 
	Parameter INIT bound to: 1'b0 
	Parameter INIT bound to: 1'b0 
	Parameter INIT bound to: 1'b0 
	Parameter INIT bound to: 1'b0 
	Parameter INIT bound to: 1'b0 
	Parameter INIT bound to: 1'b0 
	Parameter INIT bound to: 1'b0 
	Parameter INIT bound to: 1'b0 
	Parameter INIT bound to: 1'b0 
	Parameter INIT bound to: 1'b0 
	Parameter INIT bound to: 1'b0 
	Parameter INIT bound to: 1'b0 
	Parameter INIT bound to: 1'b0 
	Parameter INIT bound to: 1'b0 
	Parameter INIT bound to: 1'b0 
	Parameter INIT bound to: 1'b0 
	Parameter INIT bound to: 1'b0 
	Parameter INIT bound to: 1'b0 
	Parameter INIT bound to: 1'b0 
	Parameter INIT bound to: 1'b0 
	Parameter INIT bound to: 1'b0 
INFO: [Synth 8-256] done synthesizing module 'cdc_sync' (5#1) [/home/yuhaoliu/Projects/Verilog/AXI-MultiDMA-Ultra96V2/src/bd/Accumulator_MultiDMA_bd/ipshared/ef1e/hdl/lib_cdc_v1_0_rfs.vhd:106]
INFO: [Synth 8-256] done synthesizing module 'GPIO_Core' (6#1) [/home/yuhaoliu/Projects/Verilog/AXI-MultiDMA-Ultra96V2/src/bd/Accumulator_MultiDMA_bd/ipshared/4318/hdl/axi_gpio_v2_0_vh_rfs.vhd:178]
INFO: [Synth 8-256] done synthesizing module 'axi_gpio' (7#1) [/home/yuhaoliu/Projects/Verilog/AXI-MultiDMA-Ultra96V2/src/bd/Accumulator_MultiDMA_bd/ipshared/4318/hdl/axi_gpio_v2_0_vh_rfs.vhd:1351]
INFO: [Synth 8-256] done synthesizing module 'Accumulator_MultiDMA_bd_axi_gpio_0_2' (8#1) [/home/yuhaoliu/Projects/Verilog/AXI-MultiDMA-Ultra96V2/src/bd/Accumulator_MultiDMA_bd/ip/Accumulator_MultiDMA_bd_axi_gpio_0_2/synth/Accumulator_MultiDMA_bd_axi_gpio_0_2.vhd:84]
---------------------------------------------------------------------------------
Finished RTL Elaboration : Time (s): cpu = 00:00:06 ; elapsed = 00:00:15 . Memory (MB): peak = 2761.258 ; gain = 81.738 ; free physical = 228 ; free virtual = 16419
---------------------------------------------------------------------------------
---------------------------------------------------------------------------------
Start Handling Custom Attributes
---------------------------------------------------------------------------------
---------------------------------------------------------------------------------
Finished Handling Custom Attributes : Time (s): cpu = 00:00:06 ; elapsed = 00:00:16 . Memory (MB): peak = 2779.102 ; gain = 99.582 ; free physical = 1273 ; free virtual = 17596
---------------------------------------------------------------------------------
---------------------------------------------------------------------------------
Finished RTL Optimization Phase 1 : Time (s): cpu = 00:00:06 ; elapsed = 00:00:16 . Memory (MB): peak = 2779.102 ; gain = 99.582 ; free physical = 1273 ; free virtual = 17595
---------------------------------------------------------------------------------
Netlist sorting complete. Time (s): cpu = 00:00:00.01 ; elapsed = 00:00:00 . Memory (MB): peak = 2790.008 ; gain = 0.000 ; free physical = 1564 ; free virtual = 17908
INFO: [Netlist 29-17] Analyzing 192 Unisim elements for replacement
INFO: [Netlist 29-28] Unisim Transformation completed in 0 CPU seconds
INFO: [Project 1-570] Preparing netlist for logic optimization

Processing XDC Constraints
Initializing timing engine
Parsing XDC File [/home/yuhaoliu/Projects/Verilog/AXI-MultiDMA-Ultra96V2/src/bd/Accumulator_MultiDMA_bd/ip/Accumulator_MultiDMA_bd_axi_gpio_0_2/Accumulator_MultiDMA_bd_axi_gpio_0_2_ooc.xdc] for cell 'U0'
Finished Parsing XDC File [/home/yuhaoliu/Projects/Verilog/AXI-MultiDMA-Ultra96V2/src/bd/Accumulator_MultiDMA_bd/ip/Accumulator_MultiDMA_bd_axi_gpio_0_2/Accumulator_MultiDMA_bd_axi_gpio_0_2_ooc.xdc] for cell 'U0'
Parsing XDC File [/home/yuhaoliu/Projects/Verilog/AXI-MultiDMA-Ultra96V2/src/bd/Accumulator_MultiDMA_bd/ip/Accumulator_MultiDMA_bd_axi_gpio_0_2/Accumulator_MultiDMA_bd_axi_gpio_0_2_board.xdc] for cell 'U0'
Finished Parsing XDC File [/home/yuhaoliu/Projects/Verilog/AXI-MultiDMA-Ultra96V2/src/bd/Accumulator_MultiDMA_bd/ip/Accumulator_MultiDMA_bd_axi_gpio_0_2/Accumulator_MultiDMA_bd_axi_gpio_0_2_board.xdc] for cell 'U0'
Parsing XDC File [/home/yuhaoliu/Projects/Verilog/AXI-MultiDMA-Ultra96V2/src/bd/Accumulator_MultiDMA_bd/ip/Accumulator_MultiDMA_bd_axi_gpio_0_2/Accumulator_MultiDMA_bd_axi_gpio_0_2.xdc] for cell 'U0'
Finished Parsing XDC File [/home/yuhaoliu/Projects/Verilog/AXI-MultiDMA-Ultra96V2/src/bd/Accumulator_MultiDMA_bd/ip/Accumulator_MultiDMA_bd_axi_gpio_0_2/Accumulator_MultiDMA_bd_axi_gpio_0_2.xdc] for cell 'U0'
Parsing XDC File [/home/yuhaoliu/Projects/Verilog/AXI-MultiDMA-Ultra96V2/Accumulator_MultiDMA.runs/Accumulator_MultiDMA_bd_axi_gpio_0_2_synth_1/dont_touch.xdc]
Finished Parsing XDC File [/home/yuhaoliu/Projects/Verilog/AXI-MultiDMA-Ultra96V2/Accumulator_MultiDMA.runs/Accumulator_MultiDMA_bd_axi_gpio_0_2_synth_1/dont_touch.xdc]
Completed Processing XDC Constraints

Netlist sorting complete. Time (s): cpu = 00:00:00 ; elapsed = 00:00:00 . Memory (MB): peak = 2916.836 ; gain = 0.000 ; free physical = 2081 ; free virtual = 18551
INFO: [Project 1-111] Unisim Transformation Summary:
  A total of 192 instances were transformed.
  FDR => FDRE: 192 instances

Constraint Validation Runtime : Time (s): cpu = 00:00:00.01 ; elapsed = 00:00:00.03 . Memory (MB): peak = 2916.836 ; gain = 0.000 ; free physical = 2076 ; free virtual = 18549
---------------------------------------------------------------------------------
Finished Constraint Validation : Time (s): cpu = 00:00:16 ; elapsed = 00:00:29 . Memory (MB): peak = 2916.836 ; gain = 237.316 ; free physical = 2090 ; free virtual = 18601
---------------------------------------------------------------------------------
---------------------------------------------------------------------------------
Start Loading Part and Timing Information
---------------------------------------------------------------------------------
Loading part: xczu3eg-sbva484-1-i
INFO: [Synth 8-6742] Reading net delay rules and data
---------------------------------------------------------------------------------
Finished Loading Part and Timing Information : Time (s): cpu = 00:00:16 ; elapsed = 00:00:29 . Memory (MB): peak = 2916.836 ; gain = 237.316 ; free physical = 2089 ; free virtual = 18600
---------------------------------------------------------------------------------
---------------------------------------------------------------------------------
Start Applying 'set_property' XDC Constraints
---------------------------------------------------------------------------------
Applied set_property KEEP_HIERARCHY = SOFT for U0. (constraint file  /home/yuhaoliu/Projects/Verilog/AXI-MultiDMA-Ultra96V2/Accumulator_MultiDMA.runs/Accumulator_MultiDMA_bd_axi_gpio_0_2_synth_1/dont_touch.xdc, line 9).
---------------------------------------------------------------------------------
Finished applying 'set_property' XDC Constraints : Time (s): cpu = 00:00:16 ; elapsed = 00:00:29 . Memory (MB): peak = 2916.836 ; gain = 237.316 ; free physical = 2087 ; free virtual = 18598
---------------------------------------------------------------------------------
INFO: [Synth 8-802] inferred FSM for state register 'state_reg' in module 'slave_attachment'
---------------------------------------------------------------------------------------------------
                   State |                     New Encoding |                Previous Encoding 
---------------------------------------------------------------------------------------------------
                 iSTATE2 |                             0001 |                               00
                  iSTATE |                             0010 |                               01
                 iSTATE0 |                             0100 |                               10
                 iSTATE1 |                             1000 |                               11
---------------------------------------------------------------------------------------------------
INFO: [Synth 8-3354] encoded FSM with state register 'state_reg' using encoding 'one-hot' in module 'slave_attachment'
---------------------------------------------------------------------------------
Finished RTL Optimization Phase 2 : Time (s): cpu = 00:00:17 ; elapsed = 00:00:29 . Memory (MB): peak = 2916.836 ; gain = 237.316 ; free physical = 2050 ; free virtual = 18566
---------------------------------------------------------------------------------
---------------------------------------------------------------------------------
Start RTL Component Statistics 
---------------------------------------------------------------------------------
Detailed RTL Component Info : 
+---Adders : 
	   2 Input    4 Bit       Adders := 1     
+---Registers : 
	               32 Bit    Registers := 5     
	                9 Bit    Registers := 1     
	                4 Bit    Registers := 1     
	                2 Bit    Registers := 3     
	                1 Bit    Registers := 50    
+---Muxes : 
	   2 Input   32 Bit        Muxes := 2     
	   5 Input   32 Bit        Muxes := 1     
	   2 Input    9 Bit        Muxes := 1     
	   4 Input    4 Bit        Muxes := 1     
	   2 Input    4 Bit        Muxes := 5     
	   7 Input    2 Bit        Muxes := 1     
	   2 Input    2 Bit        Muxes := 2     
	   2 Input    1 Bit        Muxes := 11    
	   4 Input    1 Bit        Muxes := 3     
---------------------------------------------------------------------------------
Finished RTL Component Statistics 
---------------------------------------------------------------------------------
---------------------------------------------------------------------------------
Start Part Resource Summary
---------------------------------------------------------------------------------
Part Resources:
DSPs: 360 (col length:72)
BRAMs: 432 (col length: RAMB18 72 RAMB36 36)
---------------------------------------------------------------------------------
Finished Part Resource Summary
---------------------------------------------------------------------------------
---------------------------------------------------------------------------------
Start Cross Boundary and Area Optimization
---------------------------------------------------------------------------------
---------------------------------------------------------------------------------
Finished Cross Boundary and Area Optimization : Time (s): cpu = 00:00:18 ; elapsed = 00:00:30 . Memory (MB): peak = 2916.836 ; gain = 237.316 ; free physical = 2084 ; free virtual = 18616
---------------------------------------------------------------------------------
---------------------------------------------------------------------------------
Start Applying XDC Timing Constraints
---------------------------------------------------------------------------------
---------------------------------------------------------------------------------
Finished Applying XDC Timing Constraints : Time (s): cpu = 00:00:34 ; elapsed = 00:00:57 . Memory (MB): peak = 3313.320 ; gain = 633.801 ; free physical = 525 ; free virtual = 17146
---------------------------------------------------------------------------------
---------------------------------------------------------------------------------
Start Timing Optimization
---------------------------------------------------------------------------------
---------------------------------------------------------------------------------
Finished Timing Optimization : Time (s): cpu = 00:00:34 ; elapsed = 00:00:57 . Memory (MB): peak = 3333.352 ; gain = 653.832 ; free physical = 521 ; free virtual = 17141
---------------------------------------------------------------------------------
---------------------------------------------------------------------------------
Start Technology Mapping
---------------------------------------------------------------------------------
---------------------------------------------------------------------------------
Finished Technology Mapping : Time (s): cpu = 00:00:34 ; elapsed = 00:00:57 . Memory (MB): peak = 3341.359 ; gain = 661.840 ; free physical = 510 ; free virtual = 17131
---------------------------------------------------------------------------------
---------------------------------------------------------------------------------
Start IO Insertion
---------------------------------------------------------------------------------
---------------------------------------------------------------------------------
Start Flattening Before IO Insertion
---------------------------------------------------------------------------------
---------------------------------------------------------------------------------
Finished Flattening Before IO Insertion
---------------------------------------------------------------------------------
---------------------------------------------------------------------------------
Start Final Netlist Cleanup
---------------------------------------------------------------------------------
---------------------------------------------------------------------------------
Finished Final Netlist Cleanup
---------------------------------------------------------------------------------
---------------------------------------------------------------------------------
Finished IO Insertion : Time (s): cpu = 00:00:37 ; elapsed = 00:01:00 . Memory (MB): peak = 3344.328 ; gain = 664.809 ; free physical = 424 ; free virtual = 17045
---------------------------------------------------------------------------------
---------------------------------------------------------------------------------
Start Renaming Generated Instances
---------------------------------------------------------------------------------
---------------------------------------------------------------------------------
Finished Renaming Generated Instances : Time (s): cpu = 00:00:37 ; elapsed = 00:01:00 . Memory (MB): peak = 3344.328 ; gain = 664.809 ; free physical = 424 ; free virtual = 17045
---------------------------------------------------------------------------------
---------------------------------------------------------------------------------
Start Rebuilding User Hierarchy
---------------------------------------------------------------------------------
---------------------------------------------------------------------------------
Finished Rebuilding User Hierarchy : Time (s): cpu = 00:00:37 ; elapsed = 00:01:00 . Memory (MB): peak = 3344.328 ; gain = 664.809 ; free physical = 441 ; free virtual = 17063
---------------------------------------------------------------------------------
---------------------------------------------------------------------------------
Start Renaming Generated Ports
---------------------------------------------------------------------------------
---------------------------------------------------------------------------------
Finished Renaming Generated Ports : Time (s): cpu = 00:00:37 ; elapsed = 00:01:00 . Memory (MB): peak = 3344.328 ; gain = 664.809 ; free physical = 440 ; free virtual = 17062
---------------------------------------------------------------------------------
---------------------------------------------------------------------------------
Start Handling Custom Attributes
---------------------------------------------------------------------------------
---------------------------------------------------------------------------------
Finished Handling Custom Attributes : Time (s): cpu = 00:00:37 ; elapsed = 00:01:00 . Memory (MB): peak = 3344.328 ; gain = 664.809 ; free physical = 450 ; free virtual = 17072
---------------------------------------------------------------------------------
---------------------------------------------------------------------------------
Start Renaming Generated Nets
---------------------------------------------------------------------------------
---------------------------------------------------------------------------------
Finished Renaming Generated Nets : Time (s): cpu = 00:00:37 ; elapsed = 00:01:00 . Memory (MB): peak = 3344.328 ; gain = 664.809 ; free physical = 449 ; free virtual = 17073
---------------------------------------------------------------------------------
---------------------------------------------------------------------------------
Start Writing Synthesis Report
---------------------------------------------------------------------------------

Report BlackBoxes: 
+-+--------------+----------+
| |BlackBox name |Instances |
+-+--------------+----------+
+-+--------------+----------+

Report Cell Usage: 
+------+-----+------+
|      |Cell |Count |
+------+-----+------+
|1     |LUT1 |     2|
|2     |LUT2 |    10|
|3     |LUT3 |     7|
|4     |LUT4 |     5|
|5     |LUT5 |    39|
|6     |LUT6 |    39|
|7     |FDR  |   128|
|8     |FDRE |   157|
|9     |FDSE |    33|
+------+-----+------+
---------------------------------------------------------------------------------
Finished Writing Synthesis Report : Time (s): cpu = 00:00:37 ; elapsed = 00:01:00 . Memory (MB): peak = 3344.328 ; gain = 664.809 ; free physical = 445 ; free virtual = 17069
---------------------------------------------------------------------------------
Synthesis finished with 0 errors, 0 critical warnings and 0 warnings.
Synthesis Optimization Runtime : Time (s): cpu = 00:00:31 ; elapsed = 00:00:52 . Memory (MB): peak = 3344.328 ; gain = 527.074 ; free physical = 457 ; free virtual = 17090
Synthesis Optimization Complete : Time (s): cpu = 00:00:37 ; elapsed = 00:01:00 . Memory (MB): peak = 3344.336 ; gain = 664.809 ; free physical = 456 ; free virtual = 17089
INFO: [Project 1-571] Translating synthesized netlist
Netlist sorting complete. Time (s): cpu = 00:00:00.01 ; elapsed = 00:00:00.01 . Memory (MB): peak = 3344.336 ; gain = 0.000 ; free physical = 443 ; free virtual = 17081
INFO: [Netlist 29-17] Analyzing 128 Unisim elements for replacement
INFO: [Netlist 29-28] Unisim Transformation completed in 0 CPU seconds
INFO: [Project 1-570] Preparing netlist for logic optimization
INFO: [Opt 31-138] Pushed 0 inverter(s) to 0 load pin(s).
Netlist sorting complete. Time (s): cpu = 00:00:00 ; elapsed = 00:00:00 . Memory (MB): peak = 3364.141 ; gain = 0.000 ; free physical = 450 ; free virtual = 17112
INFO: [Project 1-111] Unisim Transformation Summary:
  A total of 128 instances were transformed.
  FDR => FDRE: 128 instances

INFO: [Common 17-83] Releasing license: Synthesis
145 Infos, 0 Warnings, 0 Critical Warnings and 0 Errors encountered.
synth_design completed successfully
synth_design: Time (s): cpu = 00:00:51 ; elapsed = 00:01:12 . Memory (MB): peak = 3364.141 ; gain = 945.094 ; free physical = 642 ; free virtual = 17305
INFO: [Common 17-1381] The checkpoint '/home/yuhaoliu/Projects/Verilog/AXI-MultiDMA-Ultra96V2/Accumulator_MultiDMA.runs/Accumulator_MultiDMA_bd_axi_gpio_0_2_synth_1/Accumulator_MultiDMA_bd_axi_gpio_0_2.dcp' has been generated.
WARNING: [Common 17-576] 'use_project_ipc' is deprecated. This option is deprecated and no longer used.
INFO: [Coretcl 2-1648] Added synthesis output to IP cache for IP Accumulator_MultiDMA_bd_axi_gpio_0_2, cache-ID = 0eb82fd1b3108966
INFO: [Coretcl 2-1174] Renamed 8 cell refs.
INFO: [Common 17-1381] The checkpoint '/home/yuhaoliu/Projects/Verilog/AXI-MultiDMA-Ultra96V2/Accumulator_MultiDMA.runs/Accumulator_MultiDMA_bd_axi_gpio_0_2_synth_1/Accumulator_MultiDMA_bd_axi_gpio_0_2.dcp' has been generated.
INFO: [runtcl-4] Executing : report_utilization -file Accumulator_MultiDMA_bd_axi_gpio_0_2_utilization_synth.rpt -pb Accumulator_MultiDMA_bd_axi_gpio_0_2_utilization_synth.pb
INFO: [Common 17-206] Exiting Vivado at Thu Sep 22 16:07:00 2022...
